{"meta": {"format": 3, "version": "7.13.0", "timestamp": "2025-12-27T09:36:24.590460", "branch_coverage": true, "show_contexts": false}, "files": {"shared\\python\\apimrequests.py": {"executed_lines": [1, 5, 6, 7, 8, 9, 12, 13, 16, 23, 24, 37, 47, 48, 49, 51, 58, 59, 66, 68, 69, 77, 79, 80, 83, 86, 87, 94, 96, 97, 104, 110, 125, 126, 127, 130, 131, 133, 134, 136, 138, 139, 141, 143, 145, 147, 149, 150, 152, 154, 155, 157, 159, 160, 161, 163, 180, 182, 184, 186, 187, 188, 191, 192, 194, 195, 197, 198, 200, 201, 202, 203, 205, 207, 209, 210, 212, 214, 222, 223, 224, 225, 227, 229, 231, 233, 238, 239, 241, 242, 243, 244, 245, 246, 248, 250, 255, 256, 257, 258, 260, 262, 264, 277, 279, 280, 281, 282, 283, 285, 287, 288, 289, 291, 292, 293, 295, 296, 298, 299, 300, 302, 303, 309, 322, 324, 338, 340, 356, 358, 375, 376, 377, 380, 381, 383, 384, 386, 388, 391, 394, 396, 398, 399, 401, 402, 405, 407, 408, 409, 411, 412, 414, 415, 419, 421, 422, 424, 425, 426, 427, 430, 431, 433, 434, 436, 437, 439, 441, 443, 444, 445], "summary": {"covered_lines": 170, "num_statements": 172, "percent_covered": 96.12068965517241, "percent_covered_display": "96", "missing_lines": 2, "excluded_lines": 0, "percent_statements_covered": 98.83720930232558, "percent_statements_covered_display": "99", "num_branches": 60, "num_partial_branches": 7, "covered_branches": 53, "missing_branches": 7, "percent_branches_covered": 88.33333333333333, "percent_branches_covered_display": "88"}, "missing_lines": [389, 417], "excluded_lines": [], "executed_branches": [[79, 80], [79, 83], [126, 127], [126, 130], [130, 131], [130, 133], [138, 139], [138, 141], [149, 150], [149, 152], [154, 155], [187, 188], [187, 191], [191, 192], [191, 194], [197, 198], [197, 229], [209, 210], [209, 212], [222, 197], [222, 223], [223, 224], [223, 227], [224, 225], [241, 242], [241, 248], [255, 256], [255, 257], [257, 258], [257, 260], [279, 280], [279, 302], [287, 288], [287, 291], [291, 292], [291, 295], [376, 377], [376, 380], [380, 381], [380, 383], [388, 391], [398, 399], [398, 430], [401, 402], [401, 424], [407, 408], [407, 421], [408, 409], [414, 415], [425, 426], [430, 431], [436, 437], [436, 439]], "missing_branches": [[154, 157], [224, 197], [388, 389], [408, 411], [414, 417], [425, 427], [430, 433]], "functions": {"ApimRequests.__init__": {"executed_lines": [47, 48, 49, 51], "summary": {"covered_lines": 4, "num_statements": 4, "percent_covered": 100.0, "percent_covered_display": "100", "missing_lines": 0, "excluded_lines": 0, "percent_statements_covered": 100.0, "percent_statements_covered_display": "100", "num_branches": 0, "num_partial_branches": 0, "covered_branches": 0, "missing_branches": 0, "percent_branches_covered": 100.0, "percent_branches_covered_display": "100"}, "missing_lines": [], "excluded_lines": [], "executed_branches": [], "missing_branches": []}, "ApimRequests.subscriptionKey": {"executed_lines": [77, 79, 80, 83], "summary": {"covered_lines": 4, "num_statements": 4, "percent_covered": 100.0, "percent_covered_display": "100", "missing_lines": 0, "excluded_lines": 0, "percent_statements_covered": 100.0, "percent_statements_covered_display": "100", "num_branches": 2, "num_partial_branches": 0, "covered_branches": 2, "missing_branches": 0, "percent_branches_covered": 100.0, "percent_branches_covered_display": "100"}, "missing_lines": [], "excluded_lines": [], "executed_branches": [[79, 80], [79, 83]], "missing_branches": []}, "ApimRequests.headers": {"executed_lines": [104], "summary": {"covered_lines": 1, "num_statements": 1, "percent_covered": 100.0, "percent_covered_display": "100", "missing_lines": 0, "excluded_lines": 0, "percent_statements_covered": 100.0, "percent_statements_covered_display": "100", "num_branches": 0, "num_partial_branches": 0, "covered_branches": 0, "missing_branches": 0, "percent_branches_covered": 100.0, "percent_branches_covered_display": "100"}, "missing_lines": [], "excluded_lines": [], "executed_branches": [], "missing_branches": []}, "ApimRequests._request": {"executed_lines": [125, 126, 127, 130, 131, 133, 134, 136, 138, 139, 141, 143, 145, 147, 149, 150, 152, 154, 155, 157, 159, 160, 161], "summary": {"covered_lines": 23, "num_statements": 23, "percent_covered": 96.96969696969697, "percent_covered_display": "97", "missing_lines": 0, "excluded_lines": 0, "percent_statements_covered": 100.0, "percent_statements_covered_display": "100", "num_branches": 10, "num_partial_branches": 1, "covered_branches": 9, "missing_branches": 1, "percent_branches_covered": 90.0, "percent_branches_covered_display": "90"}, "missing_lines": [], "excluded_lines": [], "executed_branches": [[126, 127], [126, 130], [130, 131], [130, 133], [138, 139], [138, 141], [149, 150], [149, 152], [154, 155]], "missing_branches": [[154, 157]]}, "ApimRequests._multiRequest": {"executed_lines": [180, 182, 184, 186, 187, 188, 191, 192, 194, 195, 197, 198, 200, 201, 202, 203, 205, 207, 209, 210, 212, 214, 222, 223, 224, 225, 227, 229, 231], "summary": {"covered_lines": 29, "num_statements": 29, "percent_covered": 97.67441860465117, "percent_covered_display": "98", "missing_lines": 0, "excluded_lines": 0, "percent_statements_covered": 100.0, "percent_statements_covered_display": "100", "num_branches": 14, "num_partial_branches": 1, "covered_branches": 13, "missing_branches": 1, "percent_branches_covered": 92.85714285714286, "percent_branches_covered_display": "93"}, "missing_lines": [], "excluded_lines": [], "executed_branches": [[187, 188], [187, 191], [191, 192], [191, 194], [197, 198], [197, 229], [209, 210], [209, 212], [222, 197], [222, 223], [223, 224], [223, 227], [224, 225]], "missing_branches": [[224, 197]]}, "ApimRequests._print_response": {"executed_lines": [238, 239, 241, 242, 243, 244, 245, 246, 248], "summary": {"covered_lines": 9, "num_statements": 9, "percent_covered": 100.0, "percent_covered_display": "100", "missing_lines": 0, "excluded_lines": 0, "percent_statements_covered": 100.0, "percent_statements_covered_display": "100", "num_branches": 2, "num_partial_branches": 0, "covered_branches": 2, "missing_branches": 0, "percent_branches_covered": 100.0, "percent_branches_covered_display": "100"}, "missing_lines": [], "excluded_lines": [], "executed_branches": [[241, 242], [241, 248]], "missing_branches": []}, "ApimRequests._print_response_code": {"executed_lines": [255, 256, 257, 258, 260, 262], "summary": {"covered_lines": 6, "num_statements": 6, "percent_covered": 100.0, "percent_covered_display": "100", "missing_lines": 0, "excluded_lines": 0, "percent_statements_covered": 100.0, "percent_statements_covered_display": "100", "num_branches": 4, "num_partial_branches": 0, "covered_branches": 4, "missing_branches": 0, "percent_branches_covered": 100.0, "percent_branches_covered_display": "100"}, "missing_lines": [], "excluded_lines": [], "executed_branches": [[255, 256], [255, 257], [257, 258], [257, 260]], "missing_branches": []}, "ApimRequests._poll_async_operation": {"executed_lines": [277, 279, 280, 281, 282, 283, 285, 287, 288, 289, 291, 292, 293, 295, 296, 298, 299, 300, 302, 303], "summary": {"covered_lines": 20, "num_statements": 20, "percent_covered": 100.0, "percent_covered_display": "100", "missing_lines": 0, "excluded_lines": 0, "percent_statements_covered": 100.0, "percent_statements_covered_display": "100", "num_branches": 6, "num_partial_branches": 0, "covered_branches": 6, "missing_branches": 0, "percent_branches_covered": 100.0, "percent_branches_covered_display": "100"}, "missing_lines": [], "excluded_lines": [], "executed_branches": [[279, 280], [279, 302], [287, 288], [287, 291], [291, 292], [291, 295]], "missing_branches": []}, "ApimRequests.singleGet": {"executed_lines": [322], "summary": {"covered_lines": 1, "num_statements": 1, "percent_covered": 100.0, "percent_covered_display": "100", "missing_lines": 0, "excluded_lines": 0, "percent_statements_covered": 100.0, "percent_statements_covered_display": "100", "num_branches": 0, "num_partial_branches": 0, "covered_branches": 0, "missing_branches": 0, "percent_branches_covered": 100.0, "percent_branches_covered_display": "100"}, "missing_lines": [], "excluded_lines": [], "executed_branches": [], "missing_branches": []}, "ApimRequests.singlePost": {"executed_lines": [338], "summary": {"covered_lines": 1, "num_statements": 1, "percent_covered": 100.0, "percent_covered_display": "100", "missing_lines": 0, "excluded_lines": 0, "percent_statements_covered": 100.0, "percent_statements_covered_display": "100", "num_branches": 0, "num_partial_branches": 0, "covered_branches": 0, "missing_branches": 0, "percent_branches_covered": 100.0, "percent_branches_covered_display": "100"}, "missing_lines": [], "excluded_lines": [], "executed_branches": [], "missing_branches": []}, "ApimRequests.multiGet": {"executed_lines": [356], "summary": {"covered_lines": 1, "num_statements": 1, "percent_covered": 100.0, "percent_covered_display": "100", "missing_lines": 0, "excluded_lines": 0, "percent_statements_covered": 100.0, "percent_statements_covered_display": "100", "num_branches": 0, "num_partial_branches": 0, "covered_branches": 0, "missing_branches": 0, "percent_branches_covered": 100.0, "percent_branches_covered_display": "100"}, "missing_lines": [], "excluded_lines": [], "executed_branches": [], "missing_branches": []}, "ApimRequests.singlePostAsync": {"executed_lines": [375, 376, 377, 380, 381, 383, 384, 386, 388, 391, 394, 396, 398, 399, 401, 402, 405, 407, 408, 409, 411, 412, 414, 415, 419, 421, 422, 424, 425, 426, 427, 430, 431, 433, 434, 436, 437, 439, 441, 443, 444, 445], "summary": {"covered_lines": 42, "num_statements": 44, "percent_covered": 89.39393939393939, "percent_covered_display": "89", "missing_lines": 2, "excluded_lines": 0, "percent_statements_covered": 95.45454545454545, "percent_statements_covered_display": "95", "num_branches": 22, "num_partial_branches": 5, "covered_branches": 17, "missing_branches": 5, "percent_branches_covered": 77.27272727272727, "percent_branches_covered_display": "77"}, "missing_lines": [389, 417], "excluded_lines": [], "executed_branches": [[376, 377], [376, 380], [380, 381], [380, 383], [388, 391], [398, 399], [398, 430], [401, 402], [401, 424], [407, 408], [407, 421], [408, 409], [414, 415], [425, 426], [430, 431], [436, 437], [436, 439]], "missing_branches": [[388, 389], [408, 411], [414, 417], [425, 427], [430, 433]]}, "": {"executed_lines": [1, 5, 6, 7, 8, 9, 12, 13, 16, 23, 24, 37, 58, 59, 68, 69, 86, 87, 96, 97, 110, 163, 233, 250, 264, 309, 324, 340, 358], "summary": {"covered_lines": 27, "num_statements": 27, "percent_covered": 100.0, "percent_covered_display": "100", "missing_lines": 0, "excluded_lines": 0, "percent_statements_covered": 100.0, "percent_statements_covered_display": "100", "num_branches": 0, "num_partial_branches": 0, "covered_branches": 0, "missing_branches": 0, "percent_branches_covered": 100.0, "percent_branches_covered_display": "100"}, "missing_lines": [], "excluded_lines": [], "executed_branches": [], "missing_branches": []}}, "classes": {"ApimRequests": {"executed_lines": [47, 48, 49, 51, 66, 77, 79, 80, 83, 94, 104, 125, 126, 127, 130, 131, 133, 134, 136, 138, 139, 141, 143, 145, 147, 149, 150, 152, 154, 155, 157, 159, 160, 161, 180, 182, 184, 186, 187, 188, 191, 192, 194, 195, 197, 198, 200, 201, 202, 203, 205, 207, 209, 210, 212, 214, 222, 223, 224, 225, 227, 229, 231, 238, 239, 241, 242, 243, 244, 245, 246, 248, 255, 256, 257, 258, 260, 262, 277, 279, 280, 281, 282, 283, 285, 287, 288, 289, 291, 292, 293, 295, 296, 298, 299, 300, 302, 303, 322, 338, 356, 375, 376, 377, 380, 381, 383, 384, 386, 388, 391, 394, 396, 398, 399, 401, 402, 405, 407, 408, 409, 411, 412, 414, 415, 419, 421, 422, 424, 425, 426, 427, 430, 431, 433, 434, 436, 437, 439, 441, 443, 444, 445], "summary": {"covered_lines": 143, "num_statements": 145, "percent_covered": 95.60975609756098, "percent_covered_display": "96", "missing_lines": 2, "excluded_lines": 0, "percent_statements_covered": 98.62068965517241, "percent_statements_covered_display": "99", "num_branches": 60, "num_partial_branches": 7, "covered_branches": 53, "missing_branches": 7, "percent_branches_covered": 88.33333333333333, "percent_branches_covered_display": "88"}, "missing_lines": [389, 417], "excluded_lines": [], "executed_branches": [[79, 80], [79, 83], [126, 127], [126, 130], [130, 131], [130, 133], [138, 139], [138, 141], [149, 150], [149, 152], [154, 155], [187, 188], [187, 191], [191, 192], [191, 194], [197, 198], [197, 229], [209, 210], [209, 212], [222, 197], [222, 223], [223, 224], [223, 227], [224, 225], [241, 242], [241, 248], [255, 256], [255, 257], [257, 258], [257, 260], [279, 280], [279, 302], [287, 288], [287, 291], [291, 292], [291, 295], [376, 377], [376, 380], [380, 381], [380, 383], [388, 391], [398, 399], [398, 430], [401, 402], [401, 424], [407, 408], [407, 421], [408, 409], [414, 415], [425, 426], [430, 431], [436, 437], [436, 439]], "missing_branches": [[154, 157], [224, 197], [388, 389], [408, 411], [414, 417], [425, 427], [430, 433]]}, "": {"executed_lines": [1, 5, 6, 7, 8, 9, 12, 13, 16, 23, 24, 37, 58, 59, 68, 69, 86, 87, 96, 97, 110, 163, 233, 250, 264, 309, 324, 340, 358], "summary": {"covered_lines": 27, "num_statements": 27, "percent_covered": 100.0, "percent_covered_display": "100", "missing_lines": 0, "excluded_lines": 0, "percent_statements_covered": 100.0, "percent_statements_covered_display": "100", "num_branches": 0, "num_partial_branches": 0, "covered_branches": 0, "missing_branches": 0, "percent_branches_covered": 100.0, "percent_branches_covered_display": "100"}, "missing_lines": [], "excluded_lines": [], "executed_branches": [], "missing_branches": []}}}, "shared\\python\\apimtesting.py": {"executed_lines": [1, 6, 12, 13, 21, 30, 31, 32, 33, 34, 35, 36, 43, 54, 55, 56, 57, 58, 59, 61, 62, 63, 64, 65, 67, 69, 78, 79, 80, 83, 84, 87, 88, 89, 90, 91, 93, 94, 97, 98, 99, 100, 101, 104, 105, 106, 107, 108, 109, 111, 112, 113, 115, 117, 120, 121, 123, 124, 125, 126, 128, 129, 130, 131, 132], "summary": {"covered_lines": 63, "num_statements": 63, "percent_covered": 100.0, "percent_covered_display": "100", "missing_lines": 0, "excluded_lines": 0, "percent_statements_covered": 100.0, "percent_statements_covered_display": "100", "num_branches": 8, "num_partial_branches": 0, "covered_branches": 8, "missing_branches": 0, "percent_branches_covered": 100.0, "percent_branches_covered_display": "100"}, "missing_lines": [], "excluded_lines": [], "executed_branches": [[104, 105], [104, 107], [107, 108], [107, 111], [120, 121], [120, 128], [125, 126], [125, 128]], "missing_branches": [], "functions": {"ApimTesting.__init__": {"executed_lines": [30, 31, 32, 33, 34, 35, 36], "summary": {"covered_lines": 7, "num_statements": 7, "percent_covered": 100.0, "percent_covered_display": "100", "missing_lines": 0, "excluded_lines": 0, "percent_statements_covered": 100.0, "percent_statements_covered_display": "100", "num_branches": 0, "num_partial_branches": 0, "covered_branches": 0, "missing_branches": 0, "percent_branches_covered": 100.0, "percent_branches_covered_display": "100"}, "missing_lines": [], "excluded_lines": [], "executed_branches": [], "missing_branches": []}, "ApimTesting.verify": {"executed_lines": [54, 55, 56, 57, 58, 59, 61, 62, 63, 64, 65, 67], "summary": {"covered_lines": 12, "num_statements": 12, "percent_covered": 100.0, "percent_covered_display": "100", "missing_lines": 0, "excluded_lines": 0, "percent_statements_covered": 100.0, "percent_statements_covered_display": "100", "num_branches": 0, "num_partial_branches": 0, "covered_branches": 0, "missing_branches": 0, "percent_branches_covered": 100.0, "percent_branches_covered_display": "100"}, "missing_lines": [], "excluded_lines": [], "executed_branches": [], "missing_branches": []}, "ApimTesting.print_summary": {"executed_lines": [78, 79, 80, 83, 84, 87, 88, 89, 90, 91, 93, 94, 97, 98, 99, 100, 101, 104, 105, 106, 107, 108, 109, 111, 112, 113, 115, 117, 120, 121, 123, 124, 125, 126, 128, 129, 130, 131, 132], "summary": {"covered_lines": 39, "num_statements": 39, "percent_covered": 100.0, "percent_covered_display": "100", "missing_lines": 0, "excluded_lines": 0, "percent_statements_covered": 100.0, "percent_statements_covered_display": "100", "num_branches": 8, "num_partial_branches": 0, "covered_branches": 8, "missing_branches": 0, "percent_branches_covered": 100.0, "percent_branches_covered_display": "100"}, "missing_lines": [], "excluded_lines": [], "executed_branches": [[104, 105], [104, 107], [107, 108], [107, 111], [120, 121], [120, 128], [125, 126], [125, 128]], "missing_branches": []}, "": {"executed_lines": [1, 6, 12, 13, 21, 43, 69], "summary": {"covered_lines": 5, "num_statements": 5, "percent_covered": 100.0, "percent_covered_display": "100", "missing_lines": 0, "excluded_lines": 0, "percent_statements_covered": 100.0, "percent_statements_covered_display": "100", "num_branches": 0, "num_partial_branches": 0, "covered_branches": 0, "missing_branches": 0, "percent_branches_covered": 100.0, "percent_branches_covered_display": "100"}, "missing_lines": [], "excluded_lines": [], "executed_branches": [], "missing_branches": []}}, "classes": {"ApimTesting": {"executed_lines": [30, 31, 32, 33, 34, 35, 36, 54, 55, 56, 57, 58, 59, 61, 62, 63, 64, 65, 67, 78, 79, 80, 83, 84, 87, 88, 89, 90, 91, 93, 94, 97, 98, 99, 100, 101, 104, 105, 106, 107, 108, 109, 111, 112, 113, 115, 117, 120, 121, 123, 124, 125, 126, 128, 129, 130, 131, 132], "summary": {"covered_lines": 58, "num_statements": 58, "percent_covered": 100.0, "percent_covered_display": "100", "missing_lines": 0, "excluded_lines": 0, "percent_statements_covered": 100.0, "percent_statements_covered_display": "100", "num_branches": 8, "num_partial_branches": 0, "covered_branches": 8, "missing_branches": 0, "percent_branches_covered": 100.0, "percent_branches_covered_display": "100"}, "missing_lines": [], "excluded_lines": [], "executed_branches": [[104, 105], [104, 107], [107, 108], [107, 111], [120, 121], [120, 128], [125, 126], [125, 128]], "missing_branches": []}, "": {"executed_lines": [1, 6, 12, 13, 21, 43, 69], "summary": {"covered_lines": 5, "num_statements": 5, "percent_covered": 100.0, "percent_covered_display": "100", "missing_lines": 0, "excluded_lines": 0, "percent_statements_covered": 100.0, "percent_statements_covered_display": "100", "num_branches": 0, "num_partial_branches": 0, "covered_branches": 0, "missing_branches": 0, "percent_branches_covered": 100.0, "percent_branches_covered_display": "100"}, "missing_lines": [], "excluded_lines": [], "executed_branches": [], "missing_branches": []}}}, "shared\\python\\apimtypes.py": {"executed_lines": [1, 5, 6, 7, 8, 9, 10, 11, 14, 15, 18, 21, 22, 37, 38, 41, 42, 43, 44, 45, 47, 48, 56, 79, 80, 84, 85, 86, 87, 88, 90, 91, 95, 96, 97, 98, 101, 102, 106, 107, 108, 109, 110, 111, 112, 114, 115, 117, 118, 120, 121, 125, 126, 127, 128, 129, 130, 131, 134, 135, 139, 140, 141, 142, 143, 146, 147, 160, 161, 164, 165, 173, 178, 179, 180, 183, 184, 185, 191, 193, 195, 208, 211, 212, 214, 215, 216, 217, 219, 220, 221, 223, 224, 225, 227, 228, 229, 233, 234, 235, 237, 239, 241, 242, 243, 245, 246, 248, 250, 264, 267, 268, 270, 271, 272, 273, 275, 276, 277, 279, 280, 281, 283, 284, 285, 289, 296, 298, 299, 300, 301, 304, 305, 306, 307, 310, 312, 313, 314, 316, 317, 319, 321, 322, 323, 331, 332, 333, 334, 335, 336, 342, 344, 345, 346, 347, 348, 349, 350, 351, 352, 353, 359, 360, 374, 375, 376, 386, 391, 393, 394, 395, 396, 397, 399, 400, 401, 402, 403, 404, 405, 411, 412, 423, 424, 425, 433, 434, 437, 438, 439, 447, 448, 451, 452, 453, 461, 462, 465, 466, 467, 473, 479, 480, 481, 482, 489, 490, 496, 499, 500, 501, 513, 514, 515, 516, 523, 524, 530, 533, 534, 535, 544, 545, 546, 547, 553, 554, 555, 556, 557, 558, 559, 561, 562, 563, 564, 566, 581, 587, 588, 597, 598, 600], "summary": {"covered_lines": 228, "num_statements": 246, "percent_covered": 90.26845637583892, "percent_covered_display": "90", "missing_lines": 18, "excluded_lines": 0, "percent_statements_covered": 92.6829268292683, "percent_statements_covered_display": "93", "num_branches": 52, "num_partial_branches": 5, "covered_branches": 41, "missing_branches": 11, "percent_branches_covered": 78.84615384615384, "percent_branches_covered_display": "79"}, "missing_lines": [25, 26, 28, 29, 30, 31, 34, 68, 69, 71, 186, 187, 188, 231, 287, 290, 291, 293], "excluded_lines": [], "executed_branches": [[21, 22], [183, 184], [183, 191], [211, 212], [211, 214], [214, 215], [214, 228], [216, 217], [216, 219], [220, 221], [220, 223], [224, 225], [224, 227], [228, 229], [233, 234], [233, 239], [234, 235], [234, 237], [245, 246], [245, 248], [267, 268], [267, 270], [270, 271], [270, 284], [272, 273], [272, 275], [276, 277], [276, 279], [280, 281], [280, 283], [284, 285], [289, 296], [296, 298], [296, 310], [316, 317], [316, 319], [393, 394], [393, 399], [561, 562], [561, 581], [597, 598]], "missing_branches": [[21, 25], [28, 29], [28, 34], [29, 30], [29, 31], [228, 231], [284, 287], [289, 290], [290, 291], [290, 293], [597, 600]], "functions": {"get_project_root": {"executed_lines": [21, 22], "summary": {"covered_lines": 2, "num_statements": 9, "percent_covered": 20.0, "percent_covered_display": "20", "missing_lines": 7, "excluded_lines": 0, "percent_statements_covered": 22.22222222222222, "percent_statements_covered_display": "22", "num_branches": 6, "num_partial_branches": 1, "covered_branches": 1, "missing_branches": 5, "percent_branches_covered": 16.666666666666668, "percent_branches_covered_display": "17"}, "missing_lines": [25, 26, 28, 29, 30, 31, 34], "excluded_lines": [], "executed_branches": [[21, 22]], "missing_branches": [[21, 25], [28, 29], [28, 34], [29, 30], [29, 31]]}, "_read_policy_xml": {"executed_lines": [], "summary": {"covered_lines": 0, "num_statements": 3, "percent_covered": 0.0, "percent_covered_display": "0", "missing_lines": 3, "excluded_lines": 0, "percent_statements_covered": 0.0, "percent_statements_covered_display": "0", "num_branches": 0, "num_partial_branches": 0, "covered_branches": 0, "missing_branches": 0, "percent_branches_covered": 100.0, "percent_branches_covered_display": "100"}, "missing_lines": [68, 69, 71], "excluded_lines": [], "executed_branches": [], "missing_branches": []}, "APIM_SKU.is_v1": {"executed_lines": [115], "summary": {"covered_lines": 1, "num_statements": 1, "percent_covered": 100.0, "percent_covered_display": "100", "missing_lines": 0, "excluded_lines": 0, "percent_statements_covered": 100.0, "percent_statements_covered_display": "100", "num_branches": 0, "num_partial_branches": 0, "covered_branches": 0, "missing_branches": 0, "percent_branches_covered": 100.0, "percent_branches_covered_display": "100"}, "missing_lines": [], "excluded_lines": [], "executed_branches": [], "missing_branches": []}, "APIM_SKU.is_v2": {"executed_lines": [118], "summary": {"covered_lines": 1, "num_statements": 1, "percent_covered": 100.0, "percent_covered_display": "100", "missing_lines": 0, "excluded_lines": 0, "percent_statements_covered": 100.0, "percent_statements_covered_display": "100", "num_branches": 0, "num_partial_branches": 0, "covered_branches": 0, "missing_branches": 0, "percent_branches_covered": 100.0, "percent_branches_covered_display": "100"}, "missing_lines": [], "excluded_lines": [], "executed_branches": [], "missing_branches": []}, "Endpoints.__init__": {"executed_lines": [161], "summary": {"covered_lines": 1, "num_statements": 1, "percent_covered": 100.0, "percent_covered_display": "100", "missing_lines": 0, "excluded_lines": 0, "percent_statements_covered": 100.0, "percent_statements_covered_display": "100", "num_branches": 0, "num_partial_branches": 0, "covered_branches": 0, "missing_branches": 0, "percent_branches_covered": 100.0, "percent_branches_covered_display": "100"}, "missing_lines": [], "excluded_lines": [], "executed_branches": [], "missing_branches": []}, "Output.__init__": {"executed_lines": [178, 179, 180, 183, 184, 185, 191, 193], "summary": {"covered_lines": 8, "num_statements": 11, "percent_covered": 76.92307692307692, "percent_covered_display": "77", "missing_lines": 3, "excluded_lines": 0, "percent_statements_covered": 72.72727272727273, "percent_statements_covered_display": "73", "num_branches": 2, "num_partial_branches": 0, "covered_branches": 2, "missing_branches": 0, "percent_branches_covered": 100.0, "percent_branches_covered_display": "100"}, "missing_lines": [186, 187, 188], "excluded_lines": [], "executed_branches": [[183, 184], [183, 191]], "missing_branches": []}, "Output.get": {"executed_lines": [208, 211, 212, 214, 215, 216, 217, 219, 220, 221, 223, 224, 225, 227, 228, 229, 233, 234, 235, 237, 239, 241, 242, 243, 245, 246, 248], "summary": {"covered_lines": 27, "num_statements": 28, "percent_covered": 95.65217391304348, "percent_covered_display": "96", "missing_lines": 1, "excluded_lines": 0, "percent_statements_covered": 96.42857142857143, "percent_statements_covered_display": "96", "num_branches": 18, "num_partial_branches": 1, "covered_branches": 17, "missing_branches": 1, "percent_branches_covered": 94.44444444444444, "percent_branches_covered_display": "94"}, "missing_lines": [231], "excluded_lines": [], "executed_branches": [[211, 212], [211, 214], [214, 215], [214, 228], [216, 217], [216, 219], [220, 221], [220, 223], [224, 225], [224, 227], [228, 229], [233, 234], [233, 239], [234, 235], [234, 237], [245, 246], [245, 248]], "missing_branches": [[228, 231]]}, "Output.getJson": {"executed_lines": [264, 267, 268, 270, 271, 272, 273, 275, 276, 277, 279, 280, 281, 283, 284, 285, 289, 296, 298, 299, 300, 301, 304, 305, 306, 307, 310, 312, 313, 314, 316, 317, 319], "summary": {"covered_lines": 33, "num_statements": 37, "percent_covered": 85.96491228070175, "percent_covered_display": "86", "missing_lines": 4, "excluded_lines": 0, "percent_statements_covered": 89.1891891891892, "percent_statements_covered_display": "89", "num_branches": 20, "num_partial_branches": 2, "covered_branches": 16, "missing_branches": 4, "percent_branches_covered": 80.0, "percent_branches_covered_display": "80"}, "missing_lines": [287, 290, 291, 293], "excluded_lines": [], "executed_branches": [[267, 268], [267, 270], [270, 271], [270, 284], [272, 273], [272, 275], [276, 277], [276, 279], [280, 281], [280, 283], [284, 285], [289, 296], [296, 298], [296, 310], [316, 317], [316, 319]], "missing_branches": [[284, 287], [289, 290], [290, 291], [290, 293]]}, "API.__init__": {"executed_lines": [344, 345, 346, 347, 348, 349, 350, 351, 352, 353], "summary": {"covered_lines": 10, "num_statements": 10, "percent_covered": 100.0, "percent_covered_display": "100", "missing_lines": 0, "excluded_lines": 0, "percent_statements_covered": 100.0, "percent_statements_covered_display": "100", "num_branches": 0, "num_partial_branches": 0, "covered_branches": 0, "missing_branches": 0, "percent_branches_covered": 100.0, "percent_branches_covered_display": "100"}, "missing_lines": [], "excluded_lines": [], "executed_branches": [], "missing_branches": []}, "API.to_dict": {"executed_lines": [360], "summary": {"covered_lines": 1, "num_statements": 1, "percent_covered": 100.0, "percent_covered_display": "100", "missing_lines": 0, "excluded_lines": 0, "percent_statements_covered": 100.0, "percent_statements_covered_display": "100", "num_branches": 0, "num_partial_branches": 0, "covered_branches": 0, "missing_branches": 0, "percent_branches_covered": 100.0, "percent_branches_covered_display": "100"}, "missing_lines": [], "excluded_lines": [], "executed_branches": [], "missing_branches": []}, "APIOperation.__init__": {"executed_lines": [393, 394, 395, 396, 397, 399, 400, 401, 402, 403, 404, 405], "summary": {"covered_lines": 12, "num_statements": 12, "percent_covered": 100.0, "percent_covered_display": "100", "missing_lines": 0, "excluded_lines": 0, "percent_statements_covered": 100.0, "percent_statements_covered_display": "100", "num_branches": 2, "num_partial_branches": 0, "covered_branches": 2, "missing_branches": 0, "percent_branches_covered": 100.0, "percent_branches_covered_display": "100"}, "missing_lines": [], "excluded_lines": [], "executed_branches": [[393, 394], [393, 399]], "missing_branches": []}, "APIOperation.to_dict": {"executed_lines": [412], "summary": {"covered_lines": 1, "num_statements": 1, "percent_covered": 100.0, "percent_covered_display": "100", "missing_lines": 0, "excluded_lines": 0, "percent_statements_covered": 100.0, "percent_statements_covered_display": "100", "num_branches": 0, "num_partial_branches": 0, "covered_branches": 0, "missing_branches": 0, "percent_branches_covered": 100.0, "percent_branches_covered_display": "100"}, "missing_lines": [], "excluded_lines": [], "executed_branches": [], "missing_branches": []}, "GET_APIOperation.__init__": {"executed_lines": [434], "summary": {"covered_lines": 1, "num_statements": 1, "percent_covered": 100.0, "percent_covered_display": "100", "missing_lines": 0, "excluded_lines": 0, "percent_statements_covered": 100.0, "percent_statements_covered_display": "100", "num_branches": 0, "num_partial_branches": 0, "covered_branches": 0, "missing_branches": 0, "percent_branches_covered": 100.0, "percent_branches_covered_display": "100"}, "missing_lines": [], "excluded_lines": [], "executed_branches": [], "missing_branches": []}, "GET_APIOperation2.__init__": {"executed_lines": [448], "summary": {"covered_lines": 1, "num_statements": 1, "percent_covered": 100.0, "percent_covered_display": "100", "missing_lines": 0, "excluded_lines": 0, "percent_statements_covered": 100.0, "percent_statements_covered_display": "100", "num_branches": 0, "num_partial_branches": 0, "covered_branches": 0, "missing_branches": 0, "percent_branches_covered": 100.0, "percent_branches_covered_display": "100"}, "missing_lines": [], "excluded_lines": [], "executed_branches": [], "missing_branches": []}, "POST_APIOperation.__init__": {"executed_lines": [462], "summary": {"covered_lines": 1, "num_statements": 1, "percent_covered": 100.0, "percent_covered_display": "100", "missing_lines": 0, "excluded_lines": 0, "percent_statements_covered": 100.0, "percent_statements_covered_display": "100", "num_branches": 0, "num_partial_branches": 0, "covered_branches": 0, "missing_branches": 0, "percent_branches_covered": 100.0, "percent_branches_covered_display": "100"}, "missing_lines": [], "excluded_lines": [], "executed_branches": [], "missing_branches": []}, "NamedValue.__init__": {"executed_lines": [480, 481, 482], "summary": {"covered_lines": 3, "num_statements": 3, "percent_covered": 100.0, "percent_covered_display": "100", "missing_lines": 0, "excluded_lines": 0, "percent_statements_covered": 100.0, "percent_statements_covered_display": "100", "num_branches": 0, "num_partial_branches": 0, "covered_branches": 0, "missing_branches": 0, "percent_branches_covered": 100.0, "percent_branches_covered_display": "100"}, "missing_lines": [], "excluded_lines": [], "executed_branches": [], "missing_branches": []}, "NamedValue.to_dict": {"executed_lines": [490, 496], "summary": {"covered_lines": 2, "num_statements": 2, "percent_covered": 100.0, "percent_covered_display": "100", "missing_lines": 0, "excluded_lines": 0, "percent_statements_covered": 100.0, "percent_statements_covered_display": "100", "num_branches": 0, "num_partial_branches": 0, "covered_branches": 0, "missing_branches": 0, "percent_branches_covered": 100.0, "percent_branches_covered_display": "100"}, "missing_lines": [], "excluded_lines": [], "executed_branches": [], "missing_branches": []}, "PolicyFragment.__init__": {"executed_lines": [514, 515, 516], "summary": {"covered_lines": 3, "num_statements": 3, "percent_covered": 100.0, "percent_covered_display": "100", "missing_lines": 0, "excluded_lines": 0, "percent_statements_covered": 100.0, "percent_statements_covered_display": "100", "num_branches": 0, "num_partial_branches": 0, "covered_branches": 0, "missing_branches": 0, "percent_branches_covered": 100.0, "percent_branches_covered_display": "100"}, "missing_lines": [], "excluded_lines": [], "executed_branches": [], "missing_branches": []}, "PolicyFragment.to_dict": {"executed_lines": [524, 530], "summary": {"covered_lines": 2, "num_statements": 2, "percent_covered": 100.0, "percent_covered_display": "100", "missing_lines": 0, "excluded_lines": 0, "percent_statements_covered": 100.0, "percent_statements_covered_display": "100", "num_branches": 0, "num_partial_branches": 0, "covered_branches": 0, "missing_branches": 0, "percent_branches_covered": 100.0, "percent_branches_covered_display": "100"}, "missing_lines": [], "excluded_lines": [], "executed_branches": [], "missing_branches": []}, "Product.__init__": {"executed_lines": [554, 555, 556, 557, 558, 559, 561, 562, 563, 564, 566, 581], "summary": {"covered_lines": 12, "num_statements": 12, "percent_covered": 100.0, "percent_covered_display": "100", "missing_lines": 0, "excluded_lines": 0, "percent_statements_covered": 100.0, "percent_statements_covered_display": "100", "num_branches": 2, "num_partial_branches": 0, "covered_branches": 2, "missing_branches": 0, "percent_branches_covered": 100.0, "percent_branches_covered_display": "100"}, "missing_lines": [], "excluded_lines": [], "executed_branches": [[561, 562], [561, 581]], "missing_branches": []}, "Product.to_dict": {"executed_lines": [588, 597, 598, 600], "summary": {"covered_lines": 4, "num_statements": 4, "percent_covered": 83.33333333333333, "percent_covered_display": "83", "missing_lines": 0, "excluded_lines": 0, "percent_statements_covered": 100.0, "percent_statements_covered_display": "100", "num_branches": 2, "num_partial_branches": 1, "covered_branches": 1, "missing_branches": 1, "percent_branches_covered": 50.0, "percent_branches_covered_display": "50"}, "missing_lines": [], "excluded_lines": [], "executed_branches": [[597, 598]], "missing_branches": [[597, 600]]}, "": {"executed_lines": [1, 5, 6, 7, 8, 9, 10, 11, 14, 15, 18, 37, 38, 41, 42, 43, 44, 45, 47, 48, 56, 79, 80, 84, 85, 86, 87, 88, 90, 91, 95, 96, 97, 98, 101, 102, 106, 107, 108, 109, 110, 111, 112, 114, 117, 120, 121, 125, 126, 127, 128, 129, 130, 131, 134, 135, 139, 140, 141, 142, 143, 146, 147, 160, 164, 165, 173, 195, 250, 321, 322, 323, 331, 332, 333, 334, 335, 336, 342, 359, 374, 375, 376, 386, 391, 411, 423, 424, 425, 433, 437, 438, 439, 447, 451, 452, 453, 461, 465, 466, 467, 473, 479, 489, 499, 500, 501, 513, 523, 533, 534, 535, 544, 545, 546, 547, 553, 587], "summary": {"covered_lines": 102, "num_statements": 102, "percent_covered": 100.0, "percent_covered_display": "100", "missing_lines": 0, "excluded_lines": 0, "percent_statements_covered": 100.0, "percent_statements_covered_display": "100", "num_branches": 0, "num_partial_branches": 0, "covered_branches": 0, "missing_branches": 0, "percent_branches_covered": 100.0, "percent_branches_covered_display": "100"}, "missing_lines": [], "excluded_lines": [], "executed_branches": [], "missing_branches": []}}, "classes": {"Role": {"executed_lines": [], "summary": {"covered_lines": 0, "num_statements": 0, "percent_covered": 100.0, "percent_covered_display": "100", "missing_lines": 0, "excluded_lines": 0, "percent_statements_covered": 100.0, "percent_statements_covered_display": "100", "num_branches": 0, "num_partial_branches": 0, "covered_branches": 0, "missing_branches": 0, "percent_branches_covered": 100.0, "percent_branches_covered_display": "100"}, "missing_lines": [], "excluded_lines": [], "executed_branches": [], "missing_branches": []}, "APIMNetworkMode": {"executed_lines": [], "summary": {"covered_lines": 0, "num_statements": 0, "percent_covered": 100.0, "percent_covered_display": "100", "missing_lines": 0, "excluded_lines": 0, "percent_statements_covered": 100.0, "percent_statements_covered_display": "100", "num_branches": 0, "num_partial_branches": 0, "covered_branches": 0, "missing_branches": 0, "percent_branches_covered": 100.0, "percent_branches_covered_display": "100"}, "missing_lines": [], "excluded_lines": [], "executed_branches": [], "missing_branches": []}, "APIM_SKU": {"executed_lines": [115, 118], "summary": {"covered_lines": 2, "num_statements": 2, "percent_covered": 100.0, "percent_covered_display": "100", "missing_lines": 0, "excluded_lines": 0, "percent_statements_covered": 100.0, "percent_statements_covered_display": "100", "num_branches": 0, "num_partial_branches": 0, "covered_branches": 0, "missing_branches": 0, "percent_branches_covered": 100.0, "percent_branches_covered_display": "100"}, "missing_lines": [], "excluded_lines": [], "executed_branches": [], "missing_branches": []}, "HTTP_VERB": {"executed_lines": [], "summary": {"covered_lines": 0, "num_statements": 0, "percent_covered": 100.0, "percent_covered_display": "100", "missing_lines": 0, "excluded_lines": 0, "percent_statements_covered": 100.0, "percent_statements_covered_display": "100", "num_branches": 0, "num_partial_branches": 0, "covered_branches": 0, "missing_branches": 0, "percent_branches_covered": 100.0, "percent_branches_covered_display": "100"}, "missing_lines": [], "excluded_lines": [], "executed_branches": [], "missing_branches": []}, "INFRASTRUCTURE": {"executed_lines": [], "summary": {"covered_lines": 0, "num_statements": 0, "percent_covered": 100.0, "percent_covered_display": "100", "missing_lines": 0, "excluded_lines": 0, "percent_statements_covered": 100.0, "percent_statements_covered_display": "100", "num_branches": 0, "num_partial_branches": 0, "covered_branches": 0, "missing_branches": 0, "percent_branches_covered": 100.0, "percent_branches_covered_display": "100"}, "missing_lines": [], "excluded_lines": [], "executed_branches": [], "missing_branches": []}, "Endpoints": {"executed_lines": [161], "summary": {"covered_lines": 1, "num_statements": 1, "percent_covered": 100.0, "percent_covered_display": "100", "missing_lines": 0, "excluded_lines": 0, "percent_statements_covered": 100.0, "percent_statements_covered_display": "100", "num_branches": 0, "num_partial_branches": 0, "covered_branches": 0, "missing_branches": 0, "percent_branches_covered": 100.0, "percent_branches_covered_display": "100"}, "missing_lines": [], "excluded_lines": [], "executed_branches": [], "missing_branches": []}, "Output": {"executed_lines": [178, 179, 180, 183, 184, 185, 191, 193, 208, 211, 212, 214, 215, 216, 217, 219, 220, 221, 223, 224, 225, 227, 228, 229, 233, 234, 235, 237, 239, 241, 242, 243, 245, 246, 248, 264, 267, 268, 270, 271, 272, 273, 275, 276, 277, 279, 280, 281, 283, 284, 285, 289, 296, 298, 299, 300, 301, 304, 305, 306, 307, 310, 312, 313, 314, 316, 317, 319], "summary": {"covered_lines": 68, "num_statements": 76, "percent_covered": 88.79310344827586, "percent_covered_display": "89", "missing_lines": 8, "excluded_lines": 0, "percent_statements_covered": 89.47368421052632, "percent_statements_covered_display": "89", "num_branches": 40, "num_partial_branches": 3, "covered_branches": 35, "missing_branches": 5, "percent_branches_covered": 87.5, "percent_branches_covered_display": "88"}, "missing_lines": [186, 187, 188, 231, 287, 290, 291, 293], "excluded_lines": [], "executed_branches": [[183, 184], [183, 191], [211, 212], [211, 214], [214, 215], [214, 228], [216, 217], [216, 219], [220, 221], [220, 223], [224, 225], [224, 227], [228, 229], [233, 234], [233, 239], [234, 235], [234, 237], [245, 246], [245, 248], [267, 268], [267, 270], [270, 271], [270, 284], [272, 273], [272, 275], [276, 277], [276, 279], [280, 281], [280, 283], [284, 285], [289, 296], [296, 298], [296, 310], [316, 317], [316, 319]], "missing_branches": [[228, 231], [284, 287], [289, 290], [290, 291], [290, 293]]}, "API": {"executed_lines": [344, 345, 346, 347, 348, 349, 350, 351, 352, 353, 360], "summary": {"covered_lines": 11, "num_statements": 11, "percent_covered": 100.0, "percent_covered_display": "100", "missing_lines": 0, "excluded_lines": 0, "percent_statements_covered": 100.0, "percent_statements_covered_display": "100", "num_branches": 0, "num_partial_branches": 0, "covered_branches": 0, "missing_branches": 0, "percent_branches_covered": 100.0, "percent_branches_covered_display": "100"}, "missing_lines": [], "excluded_lines": [], "executed_branches": [], "missing_branches": []}, "APIOperation": {"executed_lines": [393, 394, 395, 396, 397, 399, 400, 401, 402, 403, 404, 405, 412], "summary": {"covered_lines": 13, "num_statements": 13, "percent_covered": 100.0, "percent_covered_display": "100", "missing_lines": 0, "excluded_lines": 0, "percent_statements_covered": 100.0, "percent_statements_covered_display": "100", "num_branches": 2, "num_partial_branches": 0, "covered_branches": 2, "missing_branches": 0, "percent_branches_covered": 100.0, "percent_branches_covered_display": "100"}, "missing_lines": [], "excluded_lines": [], "executed_branches": [[393, 394], [393, 399]], "missing_branches": []}, "GET_APIOperation": {"executed_lines": [434], "summary": {"covered_lines": 1, "num_statements": 1, "percent_covered": 100.0, "percent_covered_display": "100", "missing_lines": 0, "excluded_lines": 0, "percent_statements_covered": 100.0, "percent_statements_covered_display": "100", "num_branches": 0, "num_partial_branches": 0, "covered_branches": 0, "missing_branches": 0, "percent_branches_covered": 100.0, "percent_branches_covered_display": "100"}, "missing_lines": [], "excluded_lines": [], "executed_branches": [], "missing_branches": []}, "GET_APIOperation2": {"executed_lines": [448], "summary": {"covered_lines": 1, "num_statements": 1, "percent_covered": 100.0, "percent_covered_display": "100", "missing_lines": 0, "excluded_lines": 0, "percent_statements_covered": 100.0, "percent_statements_covered_display": "100", "num_branches": 0, "num_partial_branches": 0, "covered_branches": 0, "missing_branches": 0, "percent_branches_covered": 100.0, "percent_branches_covered_display": "100"}, "missing_lines": [], "excluded_lines": [], "executed_branches": [], "missing_branches": []}, "POST_APIOperation": {"executed_lines": [462], "summary": {"covered_lines": 1, "num_statements": 1, "percent_covered": 100.0, "percent_covered_display": "100", "missing_lines": 0, "excluded_lines": 0, "percent_statements_covered": 100.0, "percent_statements_covered_display": "100", "num_branches": 0, "num_partial_branches": 0, "covered_branches": 0, "missing_branches": 0, "percent_branches_covered": 100.0, "percent_branches_covered_display": "100"}, "missing_lines": [], "excluded_lines": [], "executed_branches": [], "missing_branches": []}, "NamedValue": {"executed_lines": [480, 481, 482, 490, 496], "summary": {"covered_lines": 5, "num_statements": 5, "percent_covered": 100.0, "percent_covered_display": "100", "missing_lines": 0, "excluded_lines": 0, "percent_statements_covered": 100.0, "percent_statements_covered_display": "100", "num_branches": 0, "num_partial_branches": 0, "covered_branches": 0, "missing_branches": 0, "percent_branches_covered": 100.0, "percent_branches_covered_display": "100"}, "missing_lines": [], "excluded_lines": [], "executed_branches": [], "missing_branches": []}, "PolicyFragment": {"executed_lines": [514, 515, 516, 524, 530], "summary": {"covered_lines": 5, "num_statements": 5, "percent_covered": 100.0, "percent_covered_display": "100", "missing_lines": 0, "excluded_lines": 0, "percent_statements_covered": 100.0, "percent_statements_covered_display": "100", "num_branches": 0, "num_partial_branches": 0, "covered_branches": 0, "missing_branches": 0, "percent_branches_covered": 100.0, "percent_branches_covered_display": "100"}, "missing_lines": [], "excluded_lines": [], "executed_branches": [], "missing_branches": []}, "Product": {"executed_lines": [554, 555, 556, 557, 558, 559, 561, 562, 563, 564, 566, 581, 588, 597, 598, 600], "summary": {"covered_lines": 16, "num_statements": 16, "percent_covered": 95.0, "percent_covered_display": "95", "missing_lines": 0, "excluded_lines": 0, "percent_statements_covered": 100.0, "percent_statements_covered_display": "100", "num_branches": 4, "num_partial_branches": 1, "covered_branches": 3, "missing_branches": 1, "percent_branches_covered": 75.0, "percent_branches_covered_display": "75"}, "missing_lines": [], "excluded_lines": [], "executed_branches": [[561, 562], [561, 581], [597, 598]], "missing_branches": [[597, 600]]}, "": {"executed_lines": [1, 5, 6, 7, 8, 9, 10, 11, 14, 15, 18, 21, 22, 37, 38, 41, 42, 43, 44, 45, 47, 48, 56, 79, 80, 84, 85, 86, 87, 88, 90, 91, 95, 96, 97, 98, 101, 102, 106, 107, 108, 109, 110, 111, 112, 114, 117, 120, 121, 125, 126, 127, 128, 129, 130, 131, 134, 135, 139, 140, 141, 142, 143, 146, 147, 160, 164, 165, 173, 195, 250, 321, 322, 323, 331, 332, 333, 334, 335, 336, 342, 359, 374, 375, 376, 386, 391, 411, 423, 424, 425, 433, 437, 438, 439, 447, 451, 452, 453, 461, 465, 466, 467, 473, 479, 489, 499, 500, 501, 513, 523, 533, 534, 535, 544, 545, 546, 547, 553, 587], "summary": {"covered_lines": 104, "num_statements": 114, "percent_covered": 87.5, "percent_covered_display": "88", "missing_lines": 10, "excluded_lines": 0, "percent_statements_covered": 91.2280701754386, "percent_statements_covered_display": "91", "num_branches": 6, "num_partial_branches": 1, "covered_branches": 1, "missing_branches": 5, "percent_branches_covered": 16.666666666666668, "percent_branches_covered_display": "17"}, "missing_lines": [25, 26, 28, 29, 30, 31, 34, 68, 69, 71], "excluded_lines": [], "executed_branches": [[21, 22]], "missing_branches": [[21, 25], [28, 29], [28, 34], [29, 30], [29, 31]]}}}, "shared\\python\\authfactory.py": {"executed_lines": [1, 5, 6, 7, 10, 16, 17, 26, 33, 34, 35, 36, 37, 38, 45, 49, 56, 57, 59, 62, 63, 73, 81, 82, 89, 99, 102, 103, 111, 112, 113, 114, 116, 117, 119, 120, 122, 124, 125, 136, 137, 139], "summary": {"covered_lines": 38, "num_statements": 38, "percent_covered": 100.0, "percent_covered_display": "100", "missing_lines": 0, "excluded_lines": 0, "percent_statements_covered": 100.0, "percent_statements_covered_display": "100", "num_branches": 8, "num_partial_branches": 0, "covered_branches": 8, "missing_branches": 0, "percent_branches_covered": 100.0, "percent_branches_covered_display": "100"}, "missing_lines": [], "excluded_lines": [], "executed_branches": [[56, 57], [56, 59], [113, 114], [113, 116], [116, 117], [116, 119], [136, 137], [136, 139]], "missing_branches": [], "functions": {"JwtPayload.__init__": {"executed_lines": [34, 35, 36, 37, 38], "summary": {"covered_lines": 5, "num_statements": 5, "percent_covered": 100.0, "percent_covered_display": "100", "missing_lines": 0, "excluded_lines": 0, "percent_statements_covered": 100.0, "percent_statements_covered_display": "100", "num_branches": 0, "num_partial_branches": 0, "covered_branches": 0, "missing_branches": 0, "percent_branches_covered": 100.0, "percent_branches_covered_display": "100"}, "missing_lines": [], "excluded_lines": [], "executed_branches": [], "missing_branches": []}, "JwtPayload.to_dict": {"executed_lines": [49, 56, 57, 59], "summary": {"covered_lines": 4, "num_statements": 4, "percent_covered": 100.0, "percent_covered_display": "100", "missing_lines": 0, "excluded_lines": 0, "percent_statements_covered": 100.0, "percent_statements_covered_display": "100", "num_branches": 2, "num_partial_branches": 0, "covered_branches": 2, "missing_branches": 0, "percent_branches_covered": 100.0, "percent_branches_covered_display": "100"}, "missing_lines": [], "excluded_lines": [], "executed_branches": [[56, 57], [56, 59]], "missing_branches": []}, "SymmetricJwtToken.__init__": {"executed_lines": [81, 82], "summary": {"covered_lines": 2, "num_statements": 2, "percent_covered": 100.0, "percent_covered_display": "100", "missing_lines": 0, "excluded_lines": 0, "percent_statements_covered": 100.0, "percent_statements_covered_display": "100", "num_branches": 0, "num_partial_branches": 0, "covered_branches": 0, "missing_branches": 0, "percent_branches_covered": 100.0, "percent_branches_covered_display": "100"}, "missing_lines": [], "excluded_lines": [], "executed_branches": [], "missing_branches": []}, "SymmetricJwtToken.encode": {"executed_lines": [99], "summary": {"covered_lines": 1, "num_statements": 1, "percent_covered": 100.0, "percent_covered_display": "100", "missing_lines": 0, "excluded_lines": 0, "percent_statements_covered": 100.0, "percent_statements_covered_display": "100", "num_branches": 0, "num_partial_branches": 0, "covered_branches": 0, "missing_branches": 0, "percent_branches_covered": 100.0, "percent_branches_covered_display": "100"}, "missing_lines": [], "excluded_lines": [], "executed_branches": [], "missing_branches": []}, "AuthFactory.create_symmetric_jwt_token_for_user": {"executed_lines": [113, 114, 116, 117, 119, 120, 122], "summary": {"covered_lines": 7, "num_statements": 7, "percent_covered": 100.0, "percent_covered_display": "100", "missing_lines": 0, "excluded_lines": 0, "percent_statements_covered": 100.0, "percent_statements_covered_display": "100", "num_branches": 4, "num_partial_branches": 0, "covered_branches": 4, "missing_branches": 0, "percent_branches_covered": 100.0, "percent_branches_covered_display": "100"}, "missing_lines": [], "excluded_lines": [], "executed_branches": [[113, 114], [113, 116], [116, 117], [116, 119]], "missing_branches": []}, "AuthFactory.create_jwt_payload_for_user": {"executed_lines": [136, 137, 139], "summary": {"covered_lines": 3, "num_statements": 3, "percent_covered": 100.0, "percent_covered_display": "100", "missing_lines": 0, "excluded_lines": 0, "percent_statements_covered": 100.0, "percent_statements_covered_display": "100", "num_branches": 2, "num_partial_branches": 0, "covered_branches": 2, "missing_branches": 0, "percent_branches_covered": 100.0, "percent_branches_covered_display": "100"}, "missing_lines": [], "excluded_lines": [], "executed_branches": [[136, 137], [136, 139]], "missing_branches": []}, "": {"executed_lines": [1, 5, 6, 7, 10, 16, 17, 26, 33, 45, 62, 63, 73, 89, 102, 103, 111, 112, 124, 125], "summary": {"covered_lines": 16, "num_statements": 16, "percent_covered": 100.0, "percent_covered_display": "100", "missing_lines": 0, "excluded_lines": 0, "percent_statements_covered": 100.0, "percent_statements_covered_display": "100", "num_branches": 0, "num_partial_branches": 0, "covered_branches": 0, "missing_branches": 0, "percent_branches_covered": 100.0, "percent_branches_covered_display": "100"}, "missing_lines": [], "excluded_lines": [], "executed_branches": [], "missing_branches": []}}, "classes": {"JwtPayload": {"executed_lines": [34, 35, 36, 37, 38, 49, 56, 57, 59], "summary": {"covered_lines": 9, "num_statements": 9, "percent_covered": 100.0, "percent_covered_display": "100", "missing_lines": 0, "excluded_lines": 0, "percent_statements_covered": 100.0, "percent_statements_covered_display": "100", "num_branches": 2, "num_partial_branches": 0, "covered_branches": 2, "missing_branches": 0, "percent_branches_covered": 100.0, "percent_branches_covered_display": "100"}, "missing_lines": [], "excluded_lines": [], "executed_branches": [[56, 57], [56, 59]], "missing_branches": []}, "SymmetricJwtToken": {"executed_lines": [81, 82, 99], "summary": {"covered_lines": 3, "num_statements": 3, "percent_covered": 100.0, "percent_covered_display": "100", "missing_lines": 0, "excluded_lines": 0, "percent_statements_covered": 100.0, "percent_statements_covered_display": "100", "num_branches": 0, "num_partial_branches": 0, "covered_branches": 0, "missing_branches": 0, "percent_branches_covered": 100.0, "percent_branches_covered_display": "100"}, "missing_lines": [], "excluded_lines": [], "executed_branches": [], "missing_branches": []}, "AuthFactory": {"executed_lines": [113, 114, 116, 117, 119, 120, 122, 136, 137, 139], "summary": {"covered_lines": 10, "num_statements": 10, "percent_covered": 100.0, "percent_covered_display": "100", "missing_lines": 0, "excluded_lines": 0, "percent_statements_covered": 100.0, "percent_statements_covered_display": "100", "num_branches": 6, "num_partial_branches": 0, "covered_branches": 6, "missing_branches": 0, "percent_branches_covered": 100.0, "percent_branches_covered_display": "100"}, "missing_lines": [], "excluded_lines": [], "executed_branches": [[113, 114], [113, 116], [116, 117], [116, 119], [136, 137], [136, 139]], "missing_branches": []}, "": {"executed_lines": [1, 5, 6, 7, 10, 16, 17, 26, 33, 45, 62, 63, 73, 89, 102, 103, 111, 112, 124, 125], "summary": {"covered_lines": 16, "num_statements": 16, "percent_covered": 100.0, "percent_covered_display": "100", "missing_lines": 0, "excluded_lines": 0, "percent_statements_covered": 100.0, "percent_statements_covered_display": "100", "num_branches": 0, "num_partial_branches": 0, "covered_branches": 0, "missing_branches": 0, "percent_branches_covered": 100.0, "percent_branches_covered_display": "100"}, "missing_lines": [], "excluded_lines": [], "executed_branches": [], "missing_branches": []}}}, "shared\\python\\azure_resources.py": {"executed_lines": [1, 8, 9, 10, 11, 12, 13, 14, 15, 17, 19, 22, 23, 26, 40, 41, 47, 50, 51, 54, 55, 56, 58, 59, 60, 62, 65, 66, 69, 75, 76, 78, 79, 81, 82, 85, 86, 87, 88, 89, 90, 91, 93, 94, 96, 97, 98, 101, 108, 109, 111, 112, 116, 117, 118, 119, 123, 124, 125, 126, 127, 129, 132, 133, 134, 135, 136, 137, 140, 141, 142, 143, 144, 145, 146, 147, 149, 150, 151, 155, 156, 158, 160, 161, 162, 167, 168, 169, 172, 173, 174, 175, 176, 177, 178, 182, 199, 200, 201, 203, 204, 206, 207, 209, 211, 212, 214, 215, 225, 226, 235, 236, 237, 238, 239, 240, 241, 247, 249, 251, 252, 253, 255, 256, 258, 259, 260, 262, 265, 266, 270, 271, 273, 274, 277, 279, 280, 281, 284, 291, 306, 307, 311, 312, 314, 315, 316, 318, 319, 322, 324, 330, 334, 339, 344, 345, 347, 350, 351, 353, 354, 355, 356, 358, 359, 365, 366, 369, 373, 379, 394, 397, 400, 401, 406, 407, 408, 410, 411, 413, 418, 423, 424, 426, 427, 428, 430, 433, 434, 435, 437, 439, 441, 446, 447, 450, 451, 456, 457, 458, 481, 492, 495, 496, 498, 499, 501, 504, 506, 509, 511, 512, 513, 514, 519, 521, 534, 536, 537, 538, 540, 541, 543, 549, 559, 561, 562, 565, 568, 569, 572, 574, 575, 577, 579, 590, 592, 594, 605, 607, 608, 610, 612, 623, 625, 627, 628, 629, 630, 631, 632, 633, 635, 637, 638, 639, 641, 642, 644, 645, 646, 648, 659, 660, 662, 663, 665, 667, 679, 681, 682, 684, 685, 686, 688, 689, 691, 692, 694, 695, 697, 698, 700, 702, 704, 715, 717, 719, 720, 721, 723, 724, 726, 727, 729, 731, 734, 761, 764, 765, 766, 767, 769, 771, 772, 773, 779, 780, 783, 784, 785, 787, 790, 796, 801, 804, 805, 806, 811, 823, 826, 827, 833, 839, 844, 847, 848, 849, 853, 864, 865, 868, 870, 871, 872, 875, 877, 879, 880, 883, 884, 886, 887, 888, 889, 891, 893, 896, 898, 899, 901, 903, 915, 917, 918, 920, 922, 937, 950, 951, 952, 954, 955, 956, 960, 961, 963, 964, 966, 967, 971, 983, 985, 986, 988, 990, 992, 1004, 1006, 1008, 1009, 1010, 1012], "summary": {"covered_lines": 382, "num_statements": 433, "percent_covered": 85.85055643879173, "percent_covered_display": "86", "missing_lines": 51, "excluded_lines": 0, "percent_statements_covered": 88.2217090069284, "percent_statements_covered_display": "88", "num_branches": 196, "num_partial_branches": 32, "covered_branches": 158, "missing_branches": 38, "percent_branches_covered": 80.61224489795919, "percent_branches_covered_display": "81"}, "missing_lines": [113, 120, 121, 152, 157, 159, 164, 179, 180, 275, 282, 331, 332, 335, 336, 375, 376, 377, 419, 420, 460, 462, 463, 465, 467, 468, 470, 471, 473, 474, 475, 476, 477, 479, 508, 515, 517, 762, 768, 788, 802, 808, 824, 828, 829, 830, 831, 845, 851, 968, 969], "excluded_lines": [], "executed_branches": [[55, 56], [55, 58], [59, 60], [59, 62], [75, 76], [75, 78], [78, 79], [78, 81], [81, 82], [81, 85], [87, 88], [87, 93], [89, 90], [89, 91], [93, 94], [93, 96], [108, 109], [108, 111], [112, 116], [117, 118], [117, 129], [123, 124], [124, 125], [124, 126], [126, 127], [132, 133], [132, 140], [134, 135], [134, 136], [136, 132], [136, 137], [142, 143], [142, 149], [144, 145], [144, 146], [146, 142], [146, 147], [149, 150], [149, 151], [151, 155], [155, 156], [156, 158], [158, 160], [160, 161], [160, 162], [174, 175], [174, 176], [203, 204], [206, 207], [206, 209], [214, 215], [214, 225], [252, 253], [252, 255], [255, 256], [255, 258], [259, 260], [259, 262], [262, 265], [262, 273], [265, 266], [265, 270], [270, 271], [270, 273], [273, 274], [273, 277], [274, 284], [279, 280], [279, 281], [281, 284], [314, 315], [314, 318], [330, 334], [334, 339], [353, 354], [353, 369], [354, 355], [354, 358], [365, 366], [406, 407], [406, 410], [418, 423], [426, 427], [426, 430], [439, 441], [446, 447], [456, 457], [498, 499], [498, 519], [501, 504], [501, 519], [506, 509], [509, 501], [509, 511], [534, -521], [534, 536], [537, 538], [537, 543], [538, 540], [538, 543], [607, 608], [607, 610], [627, 628], [627, 635], [637, 638], [637, 641], [641, 642], [641, 644], [659, 660], [659, 662], [681, 682], [681, 697], [684, 685], [684, 697], [688, 689], [691, 692], [691, 697], [694, 695], [697, 698], [697, 700], [719, 720], [719, 726], [723, 724], [723, 726], [726, 727], [726, 729], [761, 764], [765, 766], [767, 769], [772, 773], [772, 787], [779, 780], [779, 783], [787, 790], [801, 804], [805, 806], [823, 826], [827, 833], [844, 847], [848, 849], [870, 871], [870, 901], [877, 879], [877, 883], [879, 880], [886, 887], [886, 891], [887, 888], [891, 893], [891, 901], [898, 899], [898, 901], [917, 918], [917, 920], [960, 961], [960, 963], [985, 986], [985, 988]], "missing_branches": [[112, 113], [123, 117], [126, 117], [151, 152], [155, 164], [156, 157], [158, 159], [203, 206], [274, 275], [281, 282], [330, 331], [334, 335], [365, 353], [418, 419], [439, 473], [446, 462], [456, 460], [462, 463], [462, 465], [467, 468], [467, 470], [506, 508], [688, 697], [694, 697], [761, 762], [765, 771], [767, 768], [787, 788], [801, 802], [805, 808], [823, 824], [827, 828], [829, 830], [829, 831], [844, 845], [848, 851], [879, 877], [887, 886]], "functions": {"_strip_ansi": {"executed_lines": [51], "summary": {"covered_lines": 1, "num_statements": 1, "percent_covered": 100.0, "percent_covered_display": "100", "missing_lines": 0, "excluded_lines": 0, "percent_statements_covered": 100.0, "percent_statements_covered_display": "100", "num_branches": 0, "num_partial_branches": 0, "covered_branches": 0, "missing_branches": 0, "percent_branches_covered": 100.0, "percent_branches_covered_display": "100"}, "missing_lines": [], "excluded_lines": [], "executed_branches": [], "missing_branches": []}, "_redact_secrets": {"executed_lines": [55, 56, 58, 59, 60, 62], "summary": {"covered_lines": 6, "num_statements": 6, "percent_covered": 100.0, "percent_covered_display": "100", "missing_lines": 0, "excluded_lines": 0, "percent_statements_covered": 100.0, "percent_statements_covered_display": "100", "num_branches": 4, "num_partial_branches": 0, "covered_branches": 4, "missing_branches": 0, "percent_branches_covered": 100.0, "percent_branches_covered_display": "100"}, "missing_lines": [], "excluded_lines": [], "executed_branches": [[55, 56], [55, 58], [59, 60], [59, 62]], "missing_branches": []}, "_is_az_command": {"executed_lines": [66], "summary": {"covered_lines": 1, "num_statements": 1, "percent_covered": 100.0, "percent_covered_display": "100", "missing_lines": 0, "excluded_lines": 0, "percent_statements_covered": 100.0, "percent_statements_covered_display": "100", "num_branches": 0, "num_partial_branches": 0, "covered_branches": 0, "missing_branches": 0, "percent_branches_covered": 100.0, "percent_branches_covered_display": "100"}, "missing_lines": [], "excluded_lines": [], "executed_branches": [], "missing_branches": []}, "_maybe_add_az_debug_flag": {"executed_lines": [75, 76, 78, 79, 81, 82, 85, 86, 87, 88, 89, 90, 91, 93, 94, 96, 97, 98], "summary": {"covered_lines": 18, "num_statements": 18, "percent_covered": 100.0, "percent_covered_display": "100", "missing_lines": 0, "excluded_lines": 0, "percent_statements_covered": 100.0, "percent_statements_covered_display": "100", "num_branches": 12, "num_partial_branches": 0, "covered_branches": 12, "missing_branches": 0, "percent_branches_covered": 100.0, "percent_branches_covered_display": "100"}, "missing_lines": [], "excluded_lines": [], "executed_branches": [[75, 76], [75, 78], [78, 79], [78, 81], [81, 82], [81, 85], [87, 88], [87, 93], [89, 90], [89, 91], [93, 94], [93, 96]], "missing_branches": []}, "_extract_az_cli_error_message": {"executed_lines": [108, 109, 111, 112, 116, 117, 118, 119, 123, 124, 125, 126, 127, 129, 132, 133, 134, 135, 136, 137, 140, 141, 142, 143, 144, 145, 146, 147, 149, 150, 151, 155, 156, 158, 160, 161, 162], "summary": {"covered_lines": 37, "num_statements": 44, "percent_covered": 82.5, "percent_covered_display": "82", "missing_lines": 7, "excluded_lines": 0, "percent_statements_covered": 84.0909090909091, "percent_statements_covered_display": "84", "num_branches": 36, "num_partial_branches": 7, "covered_branches": 29, "missing_branches": 7, "percent_branches_covered": 80.55555555555556, "percent_branches_covered_display": "81"}, "missing_lines": [113, 120, 121, 152, 157, 159, 164], "excluded_lines": [], "executed_branches": [[108, 109], [108, 111], [112, 116], [117, 118], [117, 129], [123, 124], [124, 125], [124, 126], [126, 127], [132, 133], [132, 140], [134, 135], [134, 136], [136, 132], [136, 137], [142, 143], [142, 149], [144, 145], [144, 146], [146, 142], [146, 147], [149, 150], [149, 151], [151, 155], [155, 156], [156, 158], [158, 160], [160, 161], [160, 162]], "missing_branches": [[112, 113], [123, 117], [126, 117], [151, 152], [155, 164], [156, 157], [158, 159]]}, "_format_duration": {"executed_lines": [168, 169], "summary": {"covered_lines": 2, "num_statements": 2, "percent_covered": 100.0, "percent_covered_display": "100", "missing_lines": 0, "excluded_lines": 0, "percent_statements_covered": 100.0, "percent_statements_covered_display": "100", "num_branches": 0, "num_partial_branches": 0, "covered_branches": 0, "missing_branches": 0, "percent_branches_covered": 100.0, "percent_branches_covered_display": "100"}, "missing_lines": [], "excluded_lines": [], "executed_branches": [], "missing_branches": []}, "_looks_like_json": {"executed_lines": [173, 174, 175, 176, 177, 178], "summary": {"covered_lines": 6, "num_statements": 8, "percent_covered": 80.0, "percent_covered_display": "80", "missing_lines": 2, "excluded_lines": 0, "percent_statements_covered": 75.0, "percent_statements_covered_display": "75", "num_branches": 2, "num_partial_branches": 0, "covered_branches": 2, "missing_branches": 0, "percent_branches_covered": 100.0, "percent_branches_covered_display": "100"}, "missing_lines": [179, 180], "excluded_lines": [], "executed_branches": [[174, 175], [174, 176]], "missing_branches": []}, "run": {"executed_lines": [199, 200, 201, 203, 204, 206, 207, 209, 211, 212, 214, 215, 225, 226, 235, 236, 237, 238, 239, 240, 241, 247, 249, 251, 252, 253, 255, 256, 258, 259, 260, 262, 265, 266, 270, 271, 273, 274, 277, 279, 280, 281, 284], "summary": {"covered_lines": 43, "num_statements": 45, "percent_covered": 92.95774647887323, "percent_covered_display": "93", "missing_lines": 2, "excluded_lines": 0, "percent_statements_covered": 95.55555555555556, "percent_statements_covered_display": "96", "num_branches": 26, "num_partial_branches": 3, "covered_branches": 23, "missing_branches": 3, "percent_branches_covered": 88.46153846153847, "percent_branches_covered_display": "88"}, "missing_lines": [275, 282], "excluded_lines": [], "executed_branches": [[203, 204], [206, 207], [206, 209], [214, 215], [214, 225], [252, 253], [252, 255], [255, 256], [255, 258], [259, 260], [259, 262], [262, 265], [262, 273], [265, 266], [265, 270], [270, 271], [270, 273], [273, 274], [273, 277], [274, 284], [279, 280], [279, 281], [281, 284]], "missing_branches": [[203, 206], [274, 275], [281, 282]]}, "cleanup_old_jwt_signing_keys": {"executed_lines": [306, 307, 311, 312, 314, 315, 316, 318, 319, 322, 324, 330, 334, 339, 344, 345, 347, 350, 351, 353, 354, 355, 356, 358, 359, 365, 366, 369, 373], "summary": {"covered_lines": 29, "num_statements": 36, "percent_covered": 79.16666666666667, "percent_covered_display": "79", "missing_lines": 7, "excluded_lines": 0, "percent_statements_covered": 80.55555555555556, "percent_statements_covered_display": "81", "num_branches": 12, "num_partial_branches": 3, "covered_branches": 9, "missing_branches": 3, "percent_branches_covered": 75.0, "percent_branches_covered_display": "75"}, "missing_lines": [331, 332, 335, 336, 375, 376, 377], "excluded_lines": [], "executed_branches": [[314, 315], [314, 318], [330, 334], [334, 339], [353, 354], [353, 369], [354, 355], [354, 358], [365, 366]], "missing_branches": [[330, 331], [334, 335], [365, 353]]}, "check_apim_blob_permissions": {"executed_lines": [394, 397, 400, 401, 406, 407, 408, 410, 411, 413, 418, 423, 424, 426, 427, 428, 430, 433, 434, 435, 437, 439, 441, 446, 447, 450, 451, 456, 457, 458], "summary": {"covered_lines": 30, "num_statements": 46, "percent_covered": 61.29032258064516, "percent_covered_display": "61", "missing_lines": 16, "excluded_lines": 0, "percent_statements_covered": 65.21739130434783, "percent_statements_covered_display": "65", "num_branches": 16, "num_partial_branches": 4, "covered_branches": 8, "missing_branches": 8, "percent_branches_covered": 50.0, "percent_branches_covered_display": "50"}, "missing_lines": [419, 420, 460, 462, 463, 465, 467, 468, 470, 471, 473, 474, 475, 476, 477, 479], "excluded_lines": [], "executed_branches": [[406, 407], [406, 410], [418, 423], [426, 427], [426, 430], [439, 441], [446, 447], [456, 457]], "missing_branches": [[418, 419], [439, 473], [446, 462], [456, 460], [462, 463], [462, 465], [467, 468], [467, 470]]}, "find_infrastructure_instances": {"executed_lines": [492, 495, 496, 498, 499, 501, 504, 506, 509, 511, 512, 513, 514, 519], "summary": {"covered_lines": 14, "num_statements": 17, "percent_covered": 84.0, "percent_covered_display": "84", "missing_lines": 3, "excluded_lines": 0, "percent_statements_covered": 82.3529411764706, "percent_statements_covered_display": "82", "num_branches": 8, "num_partial_branches": 1, "covered_branches": 7, "missing_branches": 1, "percent_branches_covered": 87.5, "percent_branches_covered_display": "88"}, "missing_lines": [508, 515, 517], "excluded_lines": [], "executed_branches": [[498, 499], [498, 519], [501, 504], [501, 519], [506, 509], [509, 501], [509, 511]], "missing_branches": [[506, 508]]}, "create_resource_group": {"executed_lines": [534, 536, 537, 538, 540, 541, 543], "summary": {"covered_lines": 7, "num_statements": 7, "percent_covered": 100.0, "percent_covered_display": "100", "missing_lines": 0, "excluded_lines": 0, "percent_statements_covered": 100.0, "percent_statements_covered_display": "100", "num_branches": 6, "num_partial_branches": 0, "covered_branches": 6, "missing_branches": 0, "percent_branches_covered": 100.0, "percent_branches_covered_display": "100"}, "missing_lines": [], "excluded_lines": [], "executed_branches": [[534, -521], [534, 536], [537, 538], [537, 543], [538, 540], [538, 543]], "missing_branches": []}, "get_azure_role_guid": {"executed_lines": [559, 561, 562, 565, 568, 569, 572, 574, 575, 577], "summary": {"covered_lines": 10, "num_statements": 10, "percent_covered": 100.0, "percent_covered_display": "100", "missing_lines": 0, "excluded_lines": 0, "percent_statements_covered": 100.0, "percent_statements_covered_display": "100", "num_branches": 0, "num_partial_branches": 0, "covered_branches": 0, "missing_branches": 0, "percent_branches_covered": 100.0, "percent_branches_covered_display": "100"}, "missing_lines": [], "excluded_lines": [], "executed_branches": [], "missing_branches": []}, "does_resource_group_exist": {"executed_lines": [590, 592], "summary": {"covered_lines": 2, "num_statements": 2, "percent_covered": 100.0, "percent_covered_display": "100", "missing_lines": 0, "excluded_lines": 0, "percent_statements_covered": 100.0, "percent_statements_covered_display": "100", "num_branches": 0, "num_partial_branches": 0, "covered_branches": 0, "missing_branches": 0, "percent_branches_covered": 100.0, "percent_branches_covered_display": "100"}, "missing_lines": [], "excluded_lines": [], "executed_branches": [], "missing_branches": []}, "get_resource_group_location": {"executed_lines": [605, 607, 608, 610], "summary": {"covered_lines": 4, "num_statements": 4, "percent_covered": 100.0, "percent_covered_display": "100", "missing_lines": 0, "excluded_lines": 0, "percent_statements_covered": 100.0, "percent_statements_covered_display": "100", "num_branches": 2, "num_partial_branches": 0, "covered_branches": 2, "missing_branches": 0, "percent_branches_covered": 100.0, "percent_branches_covered_display": "100"}, "missing_lines": [], "excluded_lines": [], "executed_branches": [[607, 608], [607, 610]], "missing_branches": []}, "get_account_info": {"executed_lines": [623, 625, 627, 628, 629, 630, 631, 632, 633, 635, 637, 638, 639, 641, 642, 644, 645, 646], "summary": {"covered_lines": 18, "num_statements": 18, "percent_covered": 100.0, "percent_covered_display": "100", "missing_lines": 0, "excluded_lines": 0, "percent_statements_covered": 100.0, "percent_statements_covered_display": "100", "num_branches": 6, "num_partial_branches": 0, "covered_branches": 6, "missing_branches": 0, "percent_branches_covered": 100.0, "percent_branches_covered_display": "100"}, "missing_lines": [], "excluded_lines": [], "executed_branches": [[627, 628], [627, 635], [637, 638], [637, 641], [641, 642], [641, 644]], "missing_branches": []}, "get_deployment_name": {"executed_lines": [659, 660, 662, 663, 665], "summary": {"covered_lines": 5, "num_statements": 5, "percent_covered": 100.0, "percent_covered_display": "100", "missing_lines": 0, "excluded_lines": 0, "percent_statements_covered": 100.0, "percent_statements_covered_display": "100", "num_branches": 2, "num_partial_branches": 0, "covered_branches": 2, "missing_branches": 0, "percent_branches_covered": 100.0, "percent_branches_covered_display": "100"}, "missing_lines": [], "excluded_lines": [], "executed_branches": [[659, 660], [659, 662]], "missing_branches": []}, "get_frontdoor_url": {"executed_lines": [679, 681, 682, 684, 685, 686, 688, 689, 691, 692, 694, 695, 697, 698, 700, 702], "summary": {"covered_lines": 16, "num_statements": 16, "percent_covered": 92.85714285714286, "percent_covered_display": "93", "missing_lines": 0, "excluded_lines": 0, "percent_statements_covered": 100.0, "percent_statements_covered_display": "100", "num_branches": 12, "num_partial_branches": 2, "covered_branches": 10, "missing_branches": 2, "percent_branches_covered": 83.33333333333333, "percent_branches_covered_display": "83"}, "missing_lines": [], "excluded_lines": [], "executed_branches": [[681, 682], [681, 697], [684, 685], [684, 697], [688, 689], [691, 692], [691, 697], [694, 695], [697, 698], [697, 700]], "missing_branches": [[688, 697], [694, 697]]}, "get_apim_url": {"executed_lines": [715, 717, 719, 720, 721, 723, 724, 726, 727, 729, 731], "summary": {"covered_lines": 11, "num_statements": 11, "percent_covered": 100.0, "percent_covered_display": "100", "missing_lines": 0, "excluded_lines": 0, "percent_statements_covered": 100.0, "percent_statements_covered_display": "100", "num_branches": 6, "num_partial_branches": 0, "covered_branches": 6, "missing_branches": 0, "percent_branches_covered": 100.0, "percent_branches_covered_display": "100"}, "missing_lines": [], "excluded_lines": [], "executed_branches": [[719, 720], [719, 726], [723, 724], [723, 726], [726, 727], [726, 729]], "missing_branches": []}, "get_apim_subscription_key": {"executed_lines": [761, 764, 765, 766, 767, 769, 771, 772, 773, 779, 780, 783, 784, 785, 787, 790, 796, 801, 804, 805, 806], "summary": {"covered_lines": 21, "num_statements": 26, "percent_covered": 73.80952380952381, "percent_covered_display": "74", "missing_lines": 5, "excluded_lines": 0, "percent_statements_covered": 80.76923076923077, "percent_statements_covered_display": "81", "num_branches": 16, "num_partial_branches": 6, "covered_branches": 10, "missing_branches": 6, "percent_branches_covered": 62.5, "percent_branches_covered_display": "62"}, "missing_lines": [762, 768, 788, 802, 808], "excluded_lines": [], "executed_branches": [[761, 764], [765, 766], [767, 769], [772, 773], [772, 787], [779, 780], [779, 783], [787, 790], [801, 804], [805, 806]], "missing_branches": [[761, 762], [765, 771], [767, 768], [787, 788], [801, 802], [805, 808]]}, "list_apim_subscriptions": {"executed_lines": [823, 826, 827, 833, 839, 844, 847, 848, 849], "summary": {"covered_lines": 9, "num_statements": 16, "percent_covered": 50.0, "percent_covered_display": "50", "missing_lines": 7, "excluded_lines": 0, "percent_statements_covered": 56.25, "percent_statements_covered_display": "56", "num_branches": 10, "num_partial_branches": 4, "covered_branches": 4, "missing_branches": 6, "percent_branches_covered": 40.0, "percent_branches_covered_display": "40"}, "missing_lines": [824, 828, 829, 830, 831, 845, 851], "excluded_lines": [], "executed_branches": [[823, 826], [827, 833], [844, 847], [848, 849]], "missing_branches": [[823, 824], [827, 828], [829, 830], [829, 831], [844, 845], [848, 851]]}, "get_appgw_endpoint": {"executed_lines": [864, 865, 868, 870, 871, 872, 875, 877, 879, 880, 883, 884, 886, 887, 888, 889, 891, 893, 896, 898, 899, 901], "summary": {"covered_lines": 22, "num_statements": 22, "percent_covered": 94.44444444444444, "percent_covered_display": "94", "missing_lines": 0, "excluded_lines": 0, "percent_statements_covered": 100.0, "percent_statements_covered_display": "100", "num_branches": 14, "num_partial_branches": 2, "covered_branches": 12, "missing_branches": 2, "percent_branches_covered": 85.71428571428571, "percent_branches_covered_display": "86"}, "missing_lines": [], "excluded_lines": [], "executed_branches": [[870, 871], [870, 901], [877, 879], [877, 883], [879, 880], [886, 887], [886, 891], [887, 888], [891, 893], [891, 901], [898, 899], [898, 901]], "missing_branches": [[879, 877], [887, 886]]}, "get_infra_rg_name": {"executed_lines": [915, 917, 918, 920], "summary": {"covered_lines": 4, "num_statements": 4, "percent_covered": 100.0, "percent_covered_display": "100", "missing_lines": 0, "excluded_lines": 0, "percent_statements_covered": 100.0, "percent_statements_covered_display": "100", "num_branches": 2, "num_partial_branches": 0, "covered_branches": 2, "missing_branches": 0, "percent_branches_covered": 100.0, "percent_branches_covered_display": "100"}, "missing_lines": [], "excluded_lines": [], "executed_branches": [[917, 918], [917, 920]], "missing_branches": []}, "get_unique_suffix_for_resource_group": {"executed_lines": [937, 950, 951, 952, 954, 955, 956, 960, 961, 963, 964, 966, 967], "summary": {"covered_lines": 13, "num_statements": 15, "percent_covered": 88.23529411764706, "percent_covered_display": "88", "missing_lines": 2, "excluded_lines": 0, "percent_statements_covered": 86.66666666666667, "percent_statements_covered_display": "87", "num_branches": 2, "num_partial_branches": 0, "covered_branches": 2, "missing_branches": 0, "percent_branches_covered": 100.0, "percent_branches_covered_display": "100"}, "missing_lines": [968, 969], "excluded_lines": [], "executed_branches": [[960, 961], [960, 963]], "missing_branches": []}, "get_rg_name": {"executed_lines": [983, 985, 986, 988, 990], "summary": {"covered_lines": 5, "num_statements": 5, "percent_covered": 100.0, "percent_covered_display": "100", "missing_lines": 0, "excluded_lines": 0, "percent_statements_covered": 100.0, "percent_statements_covered_display": "100", "num_branches": 2, "num_partial_branches": 0, "covered_branches": 2, "missing_branches": 0, "percent_branches_covered": 100.0, "percent_branches_covered_display": "100"}, "missing_lines": [], "excluded_lines": [], "executed_branches": [[985, 986], [985, 988]], "missing_branches": []}, "get_endpoints": {"executed_lines": [1004, 1006, 1008, 1009, 1010, 1012], "summary": {"covered_lines": 6, "num_statements": 6, "percent_covered": 100.0, "percent_covered_display": "100", "missing_lines": 0, "excluded_lines": 0, "percent_statements_covered": 100.0, "percent_statements_covered_display": "100", "num_branches": 0, "num_partial_branches": 0, "covered_branches": 0, "missing_branches": 0, "percent_branches_covered": 100.0, "percent_branches_covered_display": "100"}, "missing_lines": [], "excluded_lines": [], "executed_branches": [], "missing_branches": []}, "": {"executed_lines": [1, 8, 9, 10, 11, 12, 13, 14, 15, 17, 19, 22, 23, 26, 40, 41, 47, 50, 54, 65, 69, 101, 167, 172, 182, 291, 379, 481, 521, 549, 579, 594, 612, 648, 667, 704, 734, 811, 853, 903, 922, 971, 992], "summary": {"covered_lines": 42, "num_statements": 42, "percent_covered": 100.0, "percent_covered_display": "100", "missing_lines": 0, "excluded_lines": 0, "percent_statements_covered": 100.0, "percent_statements_covered_display": "100", "num_branches": 0, "num_partial_branches": 0, "covered_branches": 0, "missing_branches": 0, "percent_branches_covered": 100.0, "percent_branches_covered_display": "100"}, "missing_lines": [], "excluded_lines": [], "executed_branches": [], "missing_branches": []}}, "classes": {"": {"executed_lines": [1, 8, 9, 10, 11, 12, 13, 14, 15, 17, 19, 22, 23, 26, 40, 41, 47, 50, 51, 54, 55, 56, 58, 59, 60, 62, 65, 66, 69, 75, 76, 78, 79, 81, 82, 85, 86, 87, 88, 89, 90, 91, 93, 94, 96, 97, 98, 101, 108, 109, 111, 112, 116, 117, 118, 119, 123, 124, 125, 126, 127, 129, 132, 133, 134, 135, 136, 137, 140, 141, 142, 143, 144, 145, 146, 147, 149, 150, 151, 155, 156, 158, 160, 161, 162, 167, 168, 169, 172, 173, 174, 175, 176, 177, 178, 182, 199, 200, 201, 203, 204, 206, 207, 209, 211, 212, 214, 215, 225, 226, 235, 236, 237, 238, 239, 240, 241, 247, 249, 251, 252, 253, 255, 256, 258, 259, 260, 262, 265, 266, 270, 271, 273, 274, 277, 279, 280, 281, 284, 291, 306, 307, 311, 312, 314, 315, 316, 318, 319, 322, 324, 330, 334, 339, 344, 345, 347, 350, 351, 353, 354, 355, 356, 358, 359, 365, 366, 369, 373, 379, 394, 397, 400, 401, 406, 407, 408, 410, 411, 413, 418, 423, 424, 426, 427, 428, 430, 433, 434, 435, 437, 439, 441, 446, 447, 450, 451, 456, 457, 458, 481, 492, 495, 496, 498, 499, 501, 504, 506, 509, 511, 512, 513, 514, 519, 521, 534, 536, 537, 538, 540, 541, 543, 549, 559, 561, 562, 565, 568, 569, 572, 574, 575, 577, 579, 590, 592, 594, 605, 607, 608, 610, 612, 623, 625, 627, 628, 629, 630, 631, 632, 633, 635, 637, 638, 639, 641, 642, 644, 645, 646, 648, 659, 660, 662, 663, 665, 667, 679, 681, 682, 684, 685, 686, 688, 689, 691, 692, 694, 695, 697, 698, 700, 702, 704, 715, 717, 719, 720, 721, 723, 724, 726, 727, 729, 731, 734, 761, 764, 765, 766, 767, 769, 771, 772, 773, 779, 780, 783, 784, 785, 787, 790, 796, 801, 804, 805, 806, 811, 823, 826, 827, 833, 839, 844, 847, 848, 849, 853, 864, 865, 868, 870, 871, 872, 875, 877, 879, 880, 883, 884, 886, 887, 888, 889, 891, 893, 896, 898, 899, 901, 903, 915, 917, 918, 920, 922, 937, 950, 951, 952, 954, 955, 956, 960, 961, 963, 964, 966, 967, 971, 983, 985, 986, 988, 990, 992, 1004, 1006, 1008, 1009, 1010, 1012], "summary": {"covered_lines": 382, "num_statements": 433, "percent_covered": 85.85055643879173, "percent_covered_display": "86", "missing_lines": 51, "excluded_lines": 0, "percent_statements_covered": 88.2217090069284, "percent_statements_covered_display": "88", "num_branches": 196, "num_partial_branches": 32, "covered_branches": 158, "missing_branches": 38, "percent_branches_covered": 80.61224489795919, "percent_branches_covered_display": "81"}, "missing_lines": [113, 120, 121, 152, 157, 159, 164, 179, 180, 275, 282, 331, 332, 335, 336, 375, 376, 377, 419, 420, 460, 462, 463, 465, 467, 468, 470, 471, 473, 474, 475, 476, 477, 479, 508, 515, 517, 762, 768, 788, 802, 808, 824, 828, 829, 830, 831, 845, 851, 968, 969], "excluded_lines": [], "executed_branches": [[55, 56], [55, 58], [59, 60], [59, 62], [75, 76], [75, 78], [78, 79], [78, 81], [81, 82], [81, 85], [87, 88], [87, 93], [89, 90], [89, 91], [93
[...]
ches": [[320, 321], [320, 325], [331, 333], [331, 337], [344, 345], [344, 387], [353, 358], [367, 371], [374, 375], [374, 405], [378, 382], [398, 399], [412, 416], [417, 418], [420, 421]], "missing_branches": [[353, 354], [367, 368], [378, 379], [398, 402], [412, 413], [417, 437], [420, 423], [423, 408], [423, 424], [430, 431], [430, 434]]}, "NotebookHelper.deploy_sample": {"executed_lines": [459, 460, 461, 462, 465, 468, 469, 472, 474, 476, 477, 480, 481, 482, 485, 489, 492, 493, 494, 495, 496, 497, 500, 503, 504, 508, 510, 512], "summary": {"covered_lines": 28, "num_statements": 31, "percent_covered": 87.8048780487805, "percent_covered_display": "88", "missing_lines": 3, "excluded_lines": 0, "percent_statements_covered": 90.3225806451613, "percent_statements_covered_display": "90", "num_branches": 10, "num_partial_branches": 2, "covered_branches": 8, "missing_branches": 2, "percent_branches_covered": 80.0, "percent_branches_covered_display": "80"}, "missing_lines": [487, 505, 506], "excluded_lines": [], "executed_branches": [[468, 469], [468, 489], [472, 474], [476, 477], [476, 480], [503, 504], [503, 510], [504, 508]], "missing_branches": [[472, 487], [504, 505]]}, "_determine_bicep_directory": {"executed_lines": [538, 541, 542, 545, 549, 550, 554, 555, 556, 560, 561, 562, 563, 569], "summary": {"covered_lines": 14, "num_statements": 20, "percent_covered": 66.66666666666667, "percent_covered_display": "67", "missing_lines": 6, "excluded_lines": 0, "percent_statements_covered": 70.0, "percent_statements_covered_display": "70", "num_branches": 10, "num_partial_branches": 4, "covered_branches": 6, "missing_branches": 4, "percent_branches_covered": 60.0, "percent_branches_covered_display": "60"}, "missing_lines": [546, 551, 557, 564, 565, 566], "excluded_lines": [], "executed_branches": [[541, 542], [541, 545], [545, 549], [550, 554], [556, 560], [563, 569]], "missing_branches": [[545, 546], [550, 551], [556, 557], [563, 564]]}, "create_bicep_deployment_group": {"executed_lines": [595, 597, 598, 600, 602, 609, 610, 611, 613, 614, 617, 619, 620, 623, 624, 626, 629, 632, 634, 635, 637, 638], "summary": {"covered_lines": 22, "num_statements": 23, "percent_covered": 93.54838709677419, "percent_covered_display": "94", "missing_lines": 1, "excluded_lines": 0, "percent_statements_covered": 95.65217391304348, "percent_statements_covered_display": "96", "num_branches": 8, "num_partial_branches": 1, "covered_branches": 7, "missing_branches": 1, "percent_branches_covered": 87.5, "percent_branches_covered_display": "88"}, "missing_lines": [630], "excluded_lines": [], "executed_branches": [[597, 598], [597, 600], [609, 610], [609, 613], [629, 632], [634, 635], [634, 637]], "missing_branches": [[629, 630]]}, "find_project_root": {"executed_lines": [651, 656, 658, 659, 660, 662, 665], "summary": {"covered_lines": 7, "num_statements": 7, "percent_covered": 100.0, "percent_covered_display": "100", "missing_lines": 0, "excluded_lines": 0, "percent_statements_covered": 100.0, "percent_statements_covered_display": "100", "num_branches": 4, "num_partial_branches": 0, "covered_branches": 4, "missing_branches": 0, "percent_branches_covered": 100.0, "percent_branches_covered_display": "100"}, "missing_lines": [], "excluded_lines": [], "executed_branches": [[658, 659], [658, 665], [659, 660], [659, 662]], "missing_branches": []}, "create_bicep_deployment_group_for_sample": {"executed_lines": [687, 689, 692, 697, 698, 701, 704, 705, 709, 710, 713, 717, 718], "summary": {"covered_lines": 13, "num_statements": 16, "percent_covered": 72.72727272727273, "percent_covered_display": "73", "missing_lines": 3, "excluded_lines": 0, "percent_statements_covered": 81.25, "percent_statements_covered_display": "81", "num_branches": 6, "num_partial_branches": 3, "covered_branches": 3, "missing_branches": 3, "percent_branches_covered": 50.0, "percent_branches_covered_display": "50"}, "missing_lines": [694, 702, 706], "excluded_lines": [], "executed_branches": [[692, 697], [701, 704], [705, 709]], "missing_branches": [[692, 694], [701, 702], [705, 706]]}, "_prompt_for_infrastructure_update": {"executed_lines": [732, 733, 734, 735, 736, 737, 738, 740, 741, 742, 743, 745, 746, 749, 750, 751, 753, 754, 755, 756, 757, 758, 760, 761, 762, 763, 765, 766, 767, 768, 769, 771], "summary": {"covered_lines": 32, "num_statements": 32, "percent_covered": 100.0, "percent_covered_display": "100", "missing_lines": 0, "excluded_lines": 0, "percent_statements_covered": 100.0, "percent_statements_covered_display": "100", "num_branches": 10, "num_partial_branches": 0, "covered_branches": 10, "missing_branches": 0, "percent_branches_covered": 100.0, "percent_branches_covered_display": "100"}, "missing_lines": [], "excluded_lines": [], "executed_branches": [[749, 750], [749, 751], [751, 753], [751, 768], [756, 757], [756, 760], [761, 762], [761, 765], [768, 769], [768, 771]], "missing_branches": []}, "does_infrastructure_exist": {"executed_lines": [786, 787, 789, 791, 792, 794, 795, 796, 797, 798, 799, 801, 802, 803, 804, 806, 807, 810, 811, 812, 813, 815, 817, 818, 819, 821, 823, 824], "summary": {"covered_lines": 28, "num_statements": 28, "percent_covered": 100.0, "percent_covered_display": "100", "missing_lines": 0, "excluded_lines": 0, "percent_statements_covered": 100.0, "percent_statements_covered_display": "100", "num_branches": 8, "num_partial_branches": 0, "covered_branches": 8, "missing_branches": 0, "percent_branches_covered": 100.0, "percent_branches_covered_display": "100"}, "missing_lines": [], "excluded_lines": [], "executed_branches": [[791, 792], [791, 823], [794, 795], [794, 817], [810, 811], [810, 812], [812, 813], [812, 815]], "missing_branches": []}, "read_and_modify_policy_xml": {"executed_lines": [837, 841, 842, 844, 846, 847, 849, 850, 852, 854], "summary": {"covered_lines": 10, "num_statements": 10, "percent_covered": 100.0, "percent_covered_display": "100", "missing_lines": 0, "excluded_lines": 0, "percent_statements_covered": 100.0, "percent_statements_covered_display": "100", "num_branches": 6, "num_partial_branches": 0, "covered_branches": 6, "missing_branches": 0, "percent_branches_covered": 100.0, "percent_branches_covered_display": "100"}, "missing_lines": [], "excluded_lines": [], "executed_branches": [[844, 846], [844, 854], [846, 847], [846, 854], [849, 850], [849, 852]], "missing_branches": []}, "determine_shared_policy_path": {"executed_lines": [857], "summary": {"covered_lines": 1, "num_statements": 1, "percent_covered": 100.0, "percent_covered_display": "100", "missing_lines": 0, "excluded_lines": 0, "percent_statements_covered": 100.0, "percent_statements_covered_display": "100", "num_branches": 0, "num_partial_branches": 0, "covered_branches": 0, "missing_branches": 0, "percent_branches_covered": 100.0, "percent_branches_covered_display": "100"}, "missing_lines": [], "excluded_lines": [], "executed_branches": [], "missing_branches": []}, "determine_policy_path": {"executed_lines": [861, 866, 871, 874, 875, 877, 878, 881, 882, 883, 889, 892, 893, 894, 895, 896, 900, 902, 903, 906, 907, 909], "summary": {"covered_lines": 22, "num_statements": 24, "percent_covered": 88.23529411764706, "percent_covered_display": "88", "missing_lines": 2, "excluded_lines": 0, "percent_statements_covered": 91.66666666666667, "percent_statements_covered_display": "92", "num_branches": 10, "num_partial_branches": 2, "covered_branches": 8, "missing_branches": 2, "percent_branches_covered": 80.0, "percent_branches_covered_display": "80"}, "missing_lines": [886, 898], "excluded_lines": [], "executed_branches": [[866, 871], [866, 874], [874, 875], [874, 906], [881, 882], [893, 894], [893, 900], [895, 896]], "missing_branches": [[881, 886], [895, 898]]}, "read_policy_xml": {"executed_lines": [938, 942, 943, 946, 948, 949, 950, 953, 955], "summary": {"covered_lines": 9, "num_statements": 9, "percent_covered": 100.0, "percent_covered_display": "100", "missing_lines": 0, "excluded_lines": 0, "percent_statements_covered": 100.0, "percent_statements_covered_display": "100", "num_branches": 4, "num_partial_branches": 0, "covered_branches": 4, "missing_branches": 0, "percent_branches_covered": 100.0, "percent_branches_covered_display": "100"}, "missing_lines": [], "excluded_lines": [], "executed_branches": [[946, 948], [946, 955], [949, 950], [949, 953]], "missing_branches": []}, "validate_http_verb": {"executed_lines": [961], "summary": {"covered_lines": 1, "num_statements": 1, "percent_covered": 100.0, "percent_covered_display": "100", "missing_lines": 0, "excluded_lines": 0, "percent_statements_covered": 100.0, "percent_statements_covered_display": "100", "num_branches": 0, "num_partial_branches": 0, "covered_branches": 0, "missing_branches": 0, "percent_branches_covered": 100.0, "percent_branches_covered_display": "100"}, "missing_lines": [], "excluded_lines": [], "executed_branches": [], "missing_branches": []}, "validate_sku": {"executed_lines": [965], "summary": {"covered_lines": 1, "num_statements": 1, "percent_covered": 100.0, "percent_covered_display": "100", "missing_lines": 0, "excluded_lines": 0, "percent_statements_covered": 100.0, "percent_statements_covered_display": "100", "num_branches": 0, "num_partial_branches": 0, "covered_branches": 0, "missing_branches": 0, "percent_branches_covered": 100.0, "percent_branches_covered_display": "100"}, "missing_lines": [], "excluded_lines": [], "executed_branches": [], "missing_branches": []}, "validate_infrastructure": {"executed_lines": [979, 980, 981], "summary": {"covered_lines": 3, "num_statements": 3, "percent_covered": 100.0, "percent_covered_display": "100", "missing_lines": 0, "excluded_lines": 0, "percent_statements_covered": 100.0, "percent_statements_covered_display": "100", "num_branches": 2, "num_partial_branches": 0, "covered_branches": 2, "missing_branches": 0, "percent_branches_covered": 100.0, "percent_branches_covered_display": "100"}, "missing_lines": [], "excluded_lines": [], "executed_branches": [[979, -967], [979, 980]], "missing_branches": []}, "generate_signing_key": {"executed_lines": [997, 998, 999, 1002, 1005, 1007], "summary": {"covered_lines": 6, "num_statements": 6, "percent_covered": 100.0, "percent_covered_display": "100", "missing_lines": 0, "excluded_lines": 0, "percent_statements_covered": 100.0, "percent_statements_covered_display": "100", "num_branches": 0, "num_partial_branches": 0, "covered_branches": 0, "missing_branches": 0, "percent_branches_covered": 100.0, "percent_branches_covered_display": "100"}, "missing_lines": [], "excluded_lines": [], "executed_branches": [], "missing_branches": []}, "wait_for_apim_blob_permissions": {"executed_lines": [1024, 1026, 1028, 1029, 1031, 1032, 1034, 1036], "summary": {"covered_lines": 8, "num_statements": 8, "percent_covered": 100.0, "percent_covered_display": "100", "missing_lines": 0, "excluded_lines": 0, "percent_statements_covered": 100.0, "percent_statements_covered_display": "100", "num_branches": 2, "num_partial_branches": 0, "covered_branches": 2, "missing_branches": 0, "percent_branches_covered": 100.0, "percent_branches_covered_display": "100"}, "missing_lines": [], "excluded_lines": [], "executed_branches": [[1028, 1029], [1028, 1031]], "missing_branches": []}, "test_url_preflight_check": {"executed_lines": [1041, 1043, 1045, 1046, 1047, 1049, 1050, 1052], "summary": {"covered_lines": 8, "num_statements": 8, "percent_covered": 100.0, "percent_covered_display": "100", "missing_lines": 0, "excluded_lines": 0, "percent_statements_covered": 100.0, "percent_statements_covered_display": "100", "num_branches": 2, "num_partial_branches": 0, "covered_branches": 2, "missing_branches": 0, "percent_branches_covered": 100.0, "percent_branches_covered_display": "100"}, "missing_lines": [], "excluded_lines": [], "executed_branches": [[1045, 1046], [1045, 1049]], "missing_branches": []}, "get_endpoints": {"executed_lines": [1055, 1057, 1059, 1060, 1061, 1063], "summary": {"covered_lines": 6, "num_statements": 6, "percent_covered": 100.0, "percent_covered_display": "100", "missing_lines": 0, "excluded_lines": 0, "percent_statements_covered": 100.0, "percent_statements_covered_display": "100", "num_branches": 0, "num_partial_branches": 0, "covered_branches": 0, "missing_branches": 0, "percent_branches_covered": 100.0, "percent_branches_covered_display": "100"}, "missing_lines": [], "excluded_lines": [], "executed_branches": [], "missing_branches": []}, "get_json": {"executed_lines": [1077, 1079, 1080, 1081, 1082, 1085, 1086, 1087, 1088, 1091], "summary": {"covered_lines": 10, "num_statements": 10, "percent_covered": 100.0, "percent_covered_display": "100", "missing_lines": 0, "excluded_lines": 0, "percent_statements_covered": 100.0, "percent_statements_covered_display": "100", "num_branches": 2, "num_partial_branches": 0, "covered_branches": 2, "missing_branches": 0, "percent_branches_covered": 100.0, "percent_branches_covered_display": "100"}, "missing_lines": [], "excluded_lines": [], "executed_branches": [[1077, 1079], [1077, 1091]], "missing_branches": []}, "": {"executed_lines": [1, 5, 6, 7, 8, 9, 10, 11, 12, 13, 14, 15, 16, 17, 20, 21, 22, 23, 26, 38, 57, 89, 90, 99, 125, 223, 224, 232, 266, 275, 296, 303, 447, 520, 576, 641, 667, 720, 773, 826, 856, 859, 911, 959, 963, 967, 983, 1009, 1038, 1054, 1065], "summary": {"covered_lines": 48, "num_statements": 48, "percent_covered": 100.0, "percent_covered_display": "100", "missing_lines": 0, "excluded_lines": 0, "percent_statements_covered": 100.0, "percent_statements_covered_display": "100", "num_branches": 0, "num_partial_branches": 0, "covered_branches": 0, "missing_branches": 0, "percent_branches_covered": 100.0, "percent_branches_covered_display": "100"}, "missing_lines": [], "excluded_lines": [], "executed_branches": [], "missing_branches": []}}, "classes": {"InfrastructureNotebookHelper": {"executed_lines": [110, 111, 112, 113, 115, 116, 117, 118, 119, 137, 139, 140, 141, 143, 144, 145, 147, 148, 150, 151, 152, 153, 154, 155, 156, 159, 161, 163, 171, 172, 177, 186, 188, 199, 201, 202, 203, 207, 209, 212, 216, 219], "summary": {"covered_lines": 42, "num_statements": 51, "percent_covered": 80.59701492537313, "percent_covered_display": "81", "missing_lines": 9, "excluded_lines": 0, "percent_statements_covered": 82.3529411764706, "percent_statements_covered_display": "82", "num_branches": 16, "num_partial_branches": 4, "covered_branches": 12, "missing_branches": 4, "percent_branches_covered": 75.0, "percent_branches_covered_display": "75"}, "missing_lines": [173, 174, 204, 210, 214, 217, 218, 220, 221], "excluded_lines": [], "executed_branches": [[139, 140], [139, 159], [141, 143], [141, 159], [145, 147], [145, 151], [151, 152], [161, 163], [172, 177], [201, 202], [201, 207], [209, 212]], "missing_branches": [[151, 159], [161, 214], [172, 173], [209, 210]]}, "NotebookHelper": {"executed_lines": [247, 248, 249, 250, 251, 252, 253, 254, 255, 257, 259, 260, 270, 271, 272, 273, 283, 285, 286, 287, 288, 289, 290, 291, 292, 294, 300, 301, 313, 315, 318, 320, 321, 322, 325, 326, 331, 333, 334, 337, 340, 341, 344, 345, 348, 349, 351, 353, 358, 359, 360, 362, 363, 365, 367, 371, 372, 374, 375, 376, 378, 382, 384, 385, 387, 388, 391, 392, 395, 396, 398, 399, 400, 405, 408, 409, 410, 412, 416, 417, 418, 420, 421, 422, 459, 460, 461, 462, 465, 468, 469, 472, 474, 476, 477, 480, 481, 482, 485, 489, 492, 493, 494, 495, 496, 497, 500, 503, 504, 508, 510, 512], "summary": {"covered_lines": 112, "num_statements": 138, "percent_covered": 78.57142857142857, "percent_covered_display": "79", "missing_lines": 26, "excluded_lines": 0, "percent_statements_covered": 81.15942028985508, "percent_statements_covered_display": "81", "num_branches": 44, "num_partial_branches": 9, "covered_branches": 31, "missing_branches": 13, "percent_branches_covered": 70.45454545454545, "percent_branches_covered_display": "70"}, "missing_lines": [354, 355, 356, 368, 369, 379, 380, 402, 403, 413, 414, 423, 424, 427, 428, 430, 431, 432, 434, 435, 437, 439, 440, 487, 505, 506], "excluded_lines": [], "executed_branches": [[259, -232], [259, 260], [285, 286], [285, 287], [287, 288], [287, 294], [300, -296], [300, 301], [320, 321], [320, 325], [331, 333], [331, 337], [344, 345], [344, 387], [353, 358], [367, 371], [374, 375], [374, 405], [378, 382], [398, 399], [412, 416], [417, 418], [420, 421], [468, 469], [468, 489], [472, 474], [476, 477], [476, 480], [503, 504], [503, 510], [504, 508]], "missing_branches": [[353, 354], [367, 368], [378, 379], [398, 402], [412, 413], [417, 437], [420, 423], [423, 408], [423, 424], [430, 431], [430, 434], [472, 487], [504, 505]]}, "": {"executed_lines": [1, 5, 6, 7, 8, 9, 10, 11, 12, 13, 14, 15, 16, 17, 20, 21, 22, 23, 26, 38, 48, 51, 52, 53, 55, 57, 70, 71, 73, 76, 79, 80, 82, 89, 90, 99, 125, 223, 224, 232, 266, 275, 296, 303, 447, 520, 538, 541, 542, 545, 549, 550, 554, 555, 556, 560, 561, 562, 563, 569, 576, 595, 597, 598, 600, 602, 609, 610, 611, 613, 614, 617, 619, 620, 623, 624, 626, 629, 632, 634, 635, 637, 638, 641, 651, 656, 658, 659, 660, 662, 665, 667, 687, 689, 692, 697, 698, 701, 704, 705, 709, 710, 713, 717, 718, 720, 732, 733, 734, 735, 736, 737, 738, 740, 741, 742, 743, 745, 746, 749, 750, 751, 753, 754, 755, 756, 757, 758, 760, 761, 762, 763, 765, 766, 767, 768, 769, 771, 773, 786, 787, 789, 791, 792, 794, 795, 796, 797, 798, 799, 801, 802, 803, 804, 806, 807, 810, 811, 812, 813, 815, 817, 818, 819, 821, 823, 824, 826, 837, 841, 842, 844, 846, 847, 849, 850, 852, 854, 856, 857, 859, 861, 866, 871, 874, 875, 877, 878, 881, 882, 883, 889, 892, 893, 894, 895, 896, 900, 902, 903, 906, 907, 909, 911, 938, 942, 943, 946, 948, 949, 950, 953, 955, 959, 961, 963, 965, 967, 979, 980, 981, 983, 997, 998, 999, 1002, 1005, 1007, 1009, 1024, 1026, 1028, 1029, 1031, 1032, 1034, 1036, 1038, 1041, 1043, 1045, 1046, 1047, 1049, 1050, 1052, 1054, 1055, 1057, 1059, 1060, 1061, 1063, 1065, 1077, 1079, 1080, 1081, 1082, 1085, 1086, 1087, 1088, 1091], "summary": {"covered_lines": 261, "num_statements": 273, "percent_covered": 93.76770538243626, "percent_covered_display": "94", "missing_lines": 12, "excluded_lines": 0, "percent_statements_covered": 95.6043956043956, "percent_statements_covered_display": "96", "num_branches": 80, "num_partial_branches": 10, "covered_branches": 70, "missing_branches": 10, "percent_branches_covered": 87.5, "percent_branches_covered_display": "88"}, "missing_lines": [546, 551, 557, 564, 565, 566, 630, 694, 702, 706, 886, 898], "excluded_lines": [], "executed_branches": [[52, 53], [52, 55], [70, 71], [70, 73], [79, 80], [79, 82], [541, 542], [541, 545], [545, 549], [550, 554], [556, 560], [563, 569], [597, 598], [597, 600], [609, 610], [609, 613], [629, 632], [634, 635], [634, 637], [658, 659], [658, 665], [659, 660], [659, 662], [692, 697], [701, 704], [705, 709], [749, 750], [749, 751], [751, 753], [751, 768], [756, 757], [756, 760], [761, 762], [761, 765], [768, 769], [768, 771], [791, 792], [791, 823], [794, 795], [794, 817], [810, 811], [810, 812], [812, 813], [812, 815], [844, 846], [844, 854], [846, 847], [846, 854], [849, 850], [849, 852], [866, 871], [866, 874], [874, 875], [874, 906], [881, 882], [893, 894], [893, 900], [895, 896], [946, 948], [946, 955], [949, 950], [949, 953], [979, -967], [979, 980], [1028, 1029], [1028, 1031], [1045, 1046], [1045, 1049], [1077, 1079], [1077, 1091]], "missing_branches": [[545, 546], [550, 551], [556, 557], [563, 564], [629, 630], [692, 694], [701, 702], [705, 706], [881, 886], [895, 898]]}}}}, "totals": {"covered_lines": 2396, "num_statements": 2658, "percent_covered": 87.87528868360278, "percent_covered_display": "88", "missing_lines": 262, "excluded_lines": 0, "percent_statements_covered": 90.14296463506396, "percent_statements_covered_display": "90", "num_branches": 806, "num_partial_branches": 126, "covered_branches": 648, "missing_branches": 158, "percent_branches_covered": 80.3970223325062, "percent_branches_covered_display": "80"}}